#
# A fatal error has been detected by the Java Runtime Environment:
#
#  SIGBUS (0xa) at pc=0x000000010068ceb9, pid=47013, tid=20747
#
# JRE version: Java(TM) SE Runtime Environment (8.0_66-b17) (build 1.8.0_66-b17)
# Java VM: Java HotSpot(TM) 64-Bit Server VM (25.66-b17 mixed mode bsd-amd64 compressed oops)
# Problematic frame:
# C  [libzip.dylib+0x2eb9]  newEntry+0x154
#
# Failed to write core dump. Core dumps have been disabled. To enable core dumping, try "ulimit -c unlimited" before starting Java again
#
# If you would like to submit a bug report, please visit:
#   http://bugreport.java.com/bugreport/crash.jsp
# The crash happened outside the Java Virtual Machine in native code.
# See problematic frame for where to report the bug.
#

---------------  T H R E A D  ---------------

Current thread (0x00007f95dd962000):  JavaThread "localhost-startStop-1" daemon [_thread_in_native, id=20747, stack(0x00007000012d0000,0x00007000013d0000)]

siginfo: si_signo: 10 (SIGBUS), si_code: 2 (BUS_ADRERR), si_addr: 0x0000000116c60a6b

Registers:
RAX=0x00007f95de13d970, RBX=0x0000000116c60a5f, RCX=0x0000000000000000, RDX=0x0000000000000000
RSP=0x00007000013ce060, RBP=0x00007000013ce0c0, RSI=0x0000000000000048, RDI=0x00000001003dba00
R8 =0x0000000000000001, R9 =0x0000000000000001, R10=0x00000001020adb98, R11=0x00006ff8545efb46
R12=0x00007f95ddb0c800, R13=0x0000000000000460, R14=0x000000004e317f11, R15=0x0000000000000000
RIP=0x000000010068ceb9, EFLAGS=0x0000000000010206, ERR=0x0000000000000004
  TRAPNO=0x000000000000000e

Top of Stack: (sp=0x00007000013ce060)
0x00007000013ce060:   00007000013ce0b0 000000000124a194
0x00007000013ce070:   00007f95de020948 0000000102a09dcc
0x00007000013ce080:   00007000013ce0a0 00007f95de13d970
0x00007000013ce090:   00007f95de303fe0 00007f95de13d970
0x00007000013ce0a0:   00007f95ddb0c800 0000000000000460
0x00007000013ce0b0:   000000004e317f11 0000000000000000
0x00007000013ce0c0:   00007000013ce120 000000010068d554
0x00007000013ce0d0:   00007000013ce165 00007000013ce164
0x00007000013ce0e0:   0000002500000000 0000002601962000
0x00007000013ce0f0:   00007000013ce13e 00007000013ce588
0x00007000013ce100:   0000000000000026 00007000013ce13e
0x00007000013ce110:   00007f95de13d970 00007f95dd9621f8
0x00007000013ce120:   00007000013ce570 000000010068c34f
0x00007000013ce130:   00007000013ce828 4557000100000001
0x00007000013ce140:   696c2f464e492d42 6f736b63616a2f62
0x00007000013ce150:   6962617461642d6e 342e352e322d646e
0x00007000013ce160:   1cb8880072616a2e 00007000013ce210
0x00007000013ce170:   0000000102083c87 0000000102083b50
0x00007000013ce180:   fcc0f9a900000000 00007000013ce3e0
0x00007000013ce190:   00007000013ce210 00000001138daa18
0x00007000013ce1a0:   00007f95dd962000 00000001138daa18
0x00007000013ce1b0:   00007f95dd962000 00000001138daa18
0x00007000013ce1c0:   00000001138daa18 00000001138daa18
0x00007000013ce1d0:   00000001138daa18 00000001138daa18
0x00007000013ce1e0:   0000000000000000 00000007acdde050
0x00007000013ce1f0:   0000000000000000 00007f95dd962000
0x00007000013ce200:   0000700000000033 0000000780e4b8e8
0x00007000013ce210:   0eb2a25eaa654520 0000000000000000
0x00007000013ce220:   00000007acdde300 00007f95dd962000
0x00007000013ce230:   00000007acdde300 0000000000000001
0x00007000013ce240:   00000001139985a8 0000000000000061
0x00007000013ce250:   00007f95dd962000 00007f95dd962000 

Instructions: (pc=0x000000010068ceb9)
0x000000010068ce99:   49 8b 7f 38 e8 50 1b 00 00 4d 89 77 38 49 89 5f
0x000000010068cea9:   40 4c 89 f0 48 85 c0 0f 84 11 05 00 00 48 89 c3
0x000000010068ceb9:   0f b6 43 0c 0f b6 4b 0d 48 c1 e1 08 48 01 c1 0f
0x000000010068cec9:   b6 43 0e 0f b6 53 0f 48 c1 e2 08 48 01 c2 48 c1 

Register to memory mapping:

RAX=0x00007f95de13d970 is an unknown value
RBX=0x0000000116c60a5f is an unknown value
RCX=0x0000000000000000 is an unknown value
RDX=0x0000000000000000 is an unknown value
RSP=0x00007000013ce060 is pointing into the stack for thread: 0x00007f95dd962000
RBP=0x00007000013ce0c0 is pointing into the stack for thread: 0x00007f95dd962000
RSI=0x0000000000000048 is an unknown value
RDI=0x00000001003dba00 is an unknown value
R8 =0x0000000000000001 is an unknown value
R9 =0x0000000000000001 is an unknown value
R10=0x00000001020adb98 is at entry_point+88 in (nmethod*)0x00000001020ad9d0
R11=0x00006ff8545efb46 is an unknown value
R12=0x00007f95ddb0c800 is an unknown value
R13=0x0000000000000460 is an unknown value
R14=0x000000004e317f11 is an unknown value
R15=0x0000000000000000 is an unknown value


Stack: [0x00007000012d0000,0x00007000013d0000],  sp=0x00007000013ce060,  free space=1016k
Native frames: (J=compiled Java code, j=interpreted, Vv=VM code, C=native code)
C  [libzip.dylib+0x2eb9]  newEntry+0x154
C  [libzip.dylib+0x3554]  ZIP_GetEntry2+0xd4
C  [libzip.dylib+0x234f]  Java_java_util_zip_ZipFile_getEntry+0xcf
J 75  java.util.zip.ZipFile.getEntry(J[BZ)J (0 bytes) @ 0x00000001020adc0e [0x00000001020adb40+0xce]
J 2592 C1 java.util.zip.ZipFile.getEntry(Ljava/lang/String;)Ljava/util/zip/ZipEntry; (86 bytes) @ 0x0000000102092cc4 [0x0000000102092b40+0x184]
J 2921 C1 sun.net.www.protocol.jar.URLJarFile.getEntry(Ljava/lang/String;)Ljava/util/zip/ZipEntry; (69 bytes) @ 0x00000001029f8c74 [0x00000001029f8ba0+0xd4]
J 2910 C1 sun.net.www.protocol.jar.JarURLConnection.connect()V (147 bytes) @ 0x00000001029f152c [0x00000001029f0fe0+0x54c]
j  org.apache.catalina.webresources.WarURLConnection.connect()V+11
j  org.apache.catalina.webresources.WarURLConnection.getInputStream()Ljava/io/InputStream;+1
j  sun.net.www.protocol.jar.URLJarFile.retrieve(Ljava/net/URL;Lsun/net/www/protocol/jar/URLJarFile$URLJarFileCloseController;)Ljava/util/jar/JarFile;+22
J 2968 C1 sun.net.www.protocol.jar.JarFileFactory.get(Ljava/net/URL;Z)Ljava/util/jar/JarFile; (139 bytes) @ 0x000000010292007c [0x000000010291fa40+0x63c]
J 2910 C1 sun.net.www.protocol.jar.JarURLConnection.connect()V (147 bytes) @ 0x00000001029f1264 [0x00000001029f0fe0+0x284]
J 2981 C1 sun.net.www.protocol.jar.JarURLConnection.getInputStream()Ljava/io/InputStream; (97 bytes) @ 0x0000000102a44cdc [0x0000000102a44c40+0x9c]
J 2803 C1 org.apache.catalina.loader.WebappClassLoaderBase.findLoadedResource(Ljava/lang/String;)Ljava/io/InputStream; (55 bytes) @ 0x00000001028e324c [0x00000001028e2b80+0x6cc]
J 2893 C1 org.apache.catalina.loader.WebappClassLoaderBase.getResourceAsStream(Ljava/lang/String;)Ljava/io/InputStream; (359 bytes) @ 0x00000001029e0a8c [0x00000001029de500+0x258c]
J 4105 C2 org.apache.catalina.startup.ContextConfig.populateJavaClassCache(Ljava/lang/String;)V (270 bytes) @ 0x0000000102c71804 [0x0000000102c6d580+0x4284]
J 2959 C2 org.apache.catalina.startup.ContextConfig.populateJavaClassCache(Ljava/lang/String;Lorg/apache/tomcat/util/bcel/classfile/JavaClass;)V (79 bytes) @ 0x0000000102922cec [0x00000001029227e0+0x50c]
J 4080 C1 org.apache.catalina.startup.ContextConfig.checkHandlesTypes(Lorg/apache/tomcat/util/bcel/classfile/JavaClass;)V (462 bytes) @ 0x0000000102c48f7c [0x0000000102c48ca0+0x2dc]
J 2978 C2 org.apache.catalina.startup.ContextConfig.processAnnotationsStream(Ljava/io/InputStream;Lorg/apache/tomcat/util/descriptor/web/WebXml;Z)V (150 bytes) @ 0x0000000102a414fc [0x0000000102a41140+0x3bc]
j  org.apache.catalina.startup.ContextConfig.processAnnotationsJar(Ljava/net/URL;Lorg/apache/tomcat/util/descriptor/web/WebXml;Z)V+58
j  org.apache.catalina.startup.ContextConfig.processAnnotationsUrl(Ljava/net/URL;Lorg/apache/tomcat/util/descriptor/web/WebXml;Z)V+22
j  org.apache.catalina.startup.ContextConfig.processAnnotations(Ljava/util/Set;Z)V+83
j  org.apache.catalina.startup.ContextConfig.webConfig()V+191
j  org.apache.catalina.startup.ContextConfig.configureStart()V+101
j  org.apache.catalina.startup.ContextConfig.lifecycleEvent(Lorg/apache/catalina/LifecycleEvent;)V+57
J 2473 C1 org.apache.catalina.util.LifecycleSupport.fireLifecycleEvent(Ljava/lang/String;Ljava/lang/Object;)V (49 bytes) @ 0x000000010293976c [0x0000000102939480+0x2ec]
J 2472 C1 org.apache.catalina.util.LifecycleBase.fireLifecycleEvent(Ljava/lang/String;Ljava/lang/Object;)V (10 bytes) @ 0x00000001029390c4 [0x0000000102938fc0+0x104]
j  org.apache.catalina.core.StandardContext.startInternal()V+528
j  org.apache.catalina.util.LifecycleBase.start()V+210
j  org.apache.catalina.core.ContainerBase$StartChild.call()Ljava/lang/Void;+4
j  org.apache.catalina.core.ContainerBase$StartChild.call()Ljava/lang/Object;+1
J 3361 C1 java.util.concurrent.FutureTask.run()V (126 bytes) @ 0x0000000102b32b94 [0x0000000102b32940+0x254]
j  java.util.concurrent.ThreadPoolExecutor.runWorker(Ljava/util/concurrent/ThreadPoolExecutor$Worker;)V+95
j  java.util.concurrent.ThreadPoolExecutor$Worker.run()V+5
j  java.lang.Thread.run()V+11
v  ~StubRoutines::call_stub
V  [libjvm.dylib+0x2ea35e]
V  [libjvm.dylib+0x2eaaec]
V  [libjvm.dylib+0x2eac98]
V  [libjvm.dylib+0x345215]
V  [libjvm.dylib+0x560b83]
V  [libjvm.dylib+0x56227e]
V  [libjvm.dylib+0x482cd6]
C  [libsystem_pthread.dylib+0x3c13]  _pthread_body+0x83
C  [libsystem_pthread.dylib+0x3b90]  _pthread_body+0x0
C  [libsystem_pthread.dylib+0x1375]  thread_start+0xd
C  0x0000000000000000

Java frames: (J=compiled Java code, j=interpreted, Vv=VM code)
J 75  java.util.zip.ZipFile.getEntry(J[BZ)J (0 bytes) @ 0x00000001020adb98 [0x00000001020adb40+0x58]
J 2592 C1 java.util.zip.ZipFile.getEntry(Ljava/lang/String;)Ljava/util/zip/ZipEntry; (86 bytes) @ 0x0000000102092cc4 [0x0000000102092b40+0x184]
J 2921 C1 sun.net.www.protocol.jar.URLJarFile.getEntry(Ljava/lang/String;)Ljava/util/zip/ZipEntry; (69 bytes) @ 0x00000001029f8c74 [0x00000001029f8ba0+0xd4]
J 2910 C1 sun.net.www.protocol.jar.JarURLConnection.connect()V (147 bytes) @ 0x00000001029f152c [0x00000001029f0fe0+0x54c]
j  org.apache.catalina.webresources.WarURLConnection.connect()V+11
j  org.apache.catalina.webresources.WarURLConnection.getInputStream()Ljava/io/InputStream;+1
j  sun.net.www.protocol.jar.URLJarFile.retrieve(Ljava/net/URL;Lsun/net/www/protocol/jar/URLJarFile$URLJarFileCloseController;)Ljava/util/jar/JarFile;+22
J 2968 C1 sun.net.www.protocol.jar.JarFileFactory.get(Ljava/net/URL;Z)Ljava/util/jar/JarFile; (139 bytes) @ 0x000000010292007c [0x000000010291fa40+0x63c]
J 2910 C1 sun.net.www.protocol.jar.JarURLConnection.connect()V (147 bytes) @ 0x00000001029f1264 [0x00000001029f0fe0+0x284]
J 2981 C1 sun.net.www.protocol.jar.JarURLConnection.getInputStream()Ljava/io/InputStream; (97 bytes) @ 0x0000000102a44cdc [0x0000000102a44c40+0x9c]
J 2803 C1 org.apache.catalina.loader.WebappClassLoaderBase.findLoadedResource(Ljava/lang/String;)Ljava/io/InputStream; (55 bytes) @ 0x00000001028e324c [0x00000001028e2b80+0x6cc]
J 2893 C1 org.apache.catalina.loader.WebappClassLoaderBase.getResourceAsStream(Ljava/lang/String;)Ljava/io/InputStream; (359 bytes) @ 0x00000001029e0a8c [0x00000001029de500+0x258c]
J 4105 C2 org.apache.catalina.startup.ContextConfig.populateJavaClassCache(Ljava/lang/String;)V (270 bytes) @ 0x0000000102c71804 [0x0000000102c6d580+0x4284]
J 2959 C2 org.apache.catalina.startup.ContextConfig.populateJavaClassCache(Ljava/lang/String;Lorg/apache/tomcat/util/bcel/classfile/JavaClass;)V (79 bytes) @ 0x0000000102922cec [0x00000001029227e0+0x50c]
J 4080 C1 org.apache.catalina.startup.ContextConfig.checkHandlesTypes(Lorg/apache/tomcat/util/bcel/classfile/JavaClass;)V (462 bytes) @ 0x0000000102c48f7c [0x0000000102c48ca0+0x2dc]
J 2978 C2 org.apache.catalina.startup.ContextConfig.processAnnotationsStream(Ljava/io/InputStream;Lorg/apache/tomcat/util/descriptor/web/WebXml;Z)V (150 bytes) @ 0x0000000102a414fc [0x0000000102a41140+0x3bc]
j  org.apache.catalina.startup.ContextConfig.processAnnotationsJar(Ljava/net/URL;Lorg/apache/tomcat/util/descriptor/web/WebXml;Z)V+58
j  org.apache.catalina.startup.ContextConfig.processAnnotationsUrl(Ljava/net/URL;Lorg/apache/tomcat/util/descriptor/web/WebXml;Z)V+22
j  org.apache.catalina.startup.ContextConfig.processAnnotations(Ljava/util/Set;Z)V+83
j  org.apache.catalina.startup.ContextConfig.webConfig()V+191
j  org.apache.catalina.startup.ContextConfig.configureStart()V+101
j  org.apache.catalina.startup.ContextConfig.lifecycleEvent(Lorg/apache/catalina/LifecycleEvent;)V+57
J 2473 C1 org.apache.catalina.util.LifecycleSupport.fireLifecycleEvent(Ljava/lang/String;Ljava/lang/Object;)V (49 bytes) @ 0x000000010293976c [0x0000000102939480+0x2ec]
J 2472 C1 org.apache.catalina.util.LifecycleBase.fireLifecycleEvent(Ljava/lang/String;Ljava/lang/Object;)V (10 bytes) @ 0x00000001029390c4 [0x0000000102938fc0+0x104]
j  org.apache.catalina.core.StandardContext.startInternal()V+528
j  org.apache.catalina.util.LifecycleBase.start()V+210
j  org.apache.catalina.core.ContainerBase$StartChild.call()Ljava/lang/Void;+4
j  org.apache.catalina.core.ContainerBase$StartChild.call()Ljava/lang/Object;+1
J 3361 C1 java.util.concurrent.FutureTask.run()V (126 bytes) @ 0x0000000102b32b94 [0x0000000102b32940+0x254]
j  java.util.concurrent.ThreadPoolExecutor.runWorker(Ljava/util/concurrent/ThreadPoolExecutor$Worker;)V+95
j  java.util.concurrent.ThreadPoolExecutor$Worker.run()V+5
j  java.lang.Thread.run()V+11
v  ~StubRoutines::call_stub

---------------  P R O C E S S  ---------------

Java Threads: ( => current thread )
=>0x00007f95dd962000 JavaThread "localhost-startStop-1" daemon [_thread_in_native, id=20747, stack(0x00007000012d0000,0x00007000013d0000)]
  0x00007f95df3e6000 JavaThread "Tomcat-startStop-1" daemon [_thread_blocked, id=20999, stack(0x00007000011cd000,0x00007000012cd000)]
  0x00007f95df18a800 JavaThread "NioBlockingSelector.BlockPoller-4" daemon [_thread_in_native, id=28683, stack(0x00007000010ca000,0x00007000011ca000)]
  0x00007f95db4f9000 JavaThread "NioBlockingSelector.BlockPoller-3" daemon [_thread_in_native, id=28939, stack(0x0000700000fc7000,0x00007000010c7000)]
  0x00007f95e114d800 JavaThread "Abandoned connection cleanup thread" daemon [_thread_blocked, id=29443, stack(0x0000700002506000,0x0000700002606000)]
  0x00007f95da05a800 JavaThread "Service Thread" daemon [_thread_blocked, id=18435, stack(0x0000700000dc1000,0x0000700000ec1000)]
  0x00007f95db827800 JavaThread "C1 CompilerThread2" daemon [_thread_blocked, id=17923, stack(0x0000700000cbe000,0x0000700000dbe000)]
  0x00007f95db826800 JavaThread "C2 CompilerThread1" daemon [_thread_blocked, id=17411, stack(0x0000700000bbb000,0x0000700000cbb000)]
  0x00007f95db001000 JavaThread "C2 CompilerThread0" daemon [_thread_blocked, id=16899, stack(0x0000700000ab8000,0x0000700000bb8000)]
  0x00007f95da059800 JavaThread "Signal Dispatcher" daemon [_thread_blocked, id=13839, stack(0x00007000009b5000,0x0000700000ab5000)]
  0x00007f95db008000 JavaThread "Finalizer" daemon [_thread_blocked, id=12291, stack(0x000070000082f000,0x000070000092f000)]
  0x00007f95db823000 JavaThread "Reference Handler" daemon [_thread_blocked, id=11779, stack(0x000070000072c000,0x000070000082c000)]
  0x00007f95da011000 JavaThread "main" [_thread_blocked, id=5891, stack(0x000070000011a000,0x000070000021a000)]

Other Threads:
  0x00007f95db820800 VMThread [stack: 0x0000700000629000,0x0000700000729000] [id=11267]
  0x00007f95db00a800 WatcherThread [stack: 0x0000700000ec4000,0x0000700000fc4000] [id=18947]

VM state:not at safepoint (normal execution)

VM Mutex/Monitor currently owned by a thread: None

Heap:
 PSYoungGen      total 138240K, used 54411K [0x00000007aab00000, 0x00000007b4e80000, 0x00000007c0000000)
  eden space 119296K, 31% used [0x00000007aab00000,0x00000007acf4d378,0x00000007b1f80000)
  from space 18944K, 90% used [0x00000007b1f80000,0x00000007b30559e8,0x00000007b3200000)
  to   space 20480K, 0% used [0x00000007b3a80000,0x00000007b3a80000,0x00000007b4e80000)
 ParOldGen       total 88064K, used 42868K [0x0000000780000000, 0x0000000785600000, 0x00000007aab00000)
  object space 88064K, 48% used [0x0000000780000000,0x00000007829dd068,0x0000000785600000)
 Metaspace       used 39507K, capacity 40304K, committed 40616K, reserved 1085440K
  class space    used 4875K, capacity 5219K, committed 5288K, reserved 1048576K

Card table byte_map: [0x0000000111346000,0x0000000111547000] byte_map_base: 0x000000010d746000

Marking Bits: (ParMarkBitMap*) 0x00000001018dde20
 Begin Bits: [0x0000000111547000, 0x0000000112547000)
 End Bits:   [0x0000000112547000, 0x0000000113547000)

Polling page: 0x0000000100680000

CodeCache: size=245760Kb used=13160Kb max_used=13204Kb free=232599Kb
 bounds [0x0000000101f86000, 0x0000000102c86000, 0x0000000110f86000]
 total_blobs=4130 nmethods=3401 adapters=641
 compilation: enabled

Compilation events (10 events):
Event: 671.194 Thread 0x00007f95db826800 4103       4       java.util.regex.Pattern$LastNode::match (45 bytes)
Event: 671.195 Thread 0x00007f95db826800 nmethod 4103 0x0000000102098790 code [0x00000001020988e0, 0x00000001020989b8]
Event: 671.290 Thread 0x00007f95db827800 4104       3       java.util.WeakHashMap::transfer (107 bytes)
Event: 671.290 Thread 0x00007f95db827800 nmethod 4104 0x00000001020a8ad0 code [0x00000001020a8c80, 0x00000001020a9390]
Event: 672.011 Thread 0x00007f95db001000 4105   !   4       org.apache.catalina.startup.ContextConfig::populateJavaClassCache (270 bytes)
Event: 672.801 Thread 0x00007f95db826800 4106       4       java.lang.ref.Finalizer::access$100 (6 bytes)
Event: 672.820 Thread 0x00007f95db826800 nmethod 4106 0x0000000102351690 code [0x0000000102351820, 0x0000000102351dd8]
Event: 672.976 Thread 0x00007f95db001000 nmethod 4105 0x0000000102c6cad0 code [0x0000000102c6d580, 0x0000000102c75e98]
Event: 673.294 Thread 0x00007f95db826800 4107       4       org.apache.catalina.loader.WebappClassLoaderBase::nameToPath (44 bytes)
Event: 673.308 Thread 0x00007f95db826800 nmethod 4107 0x0000000102c59dd0 code [0x0000000102c59f60, 0x0000000102c5a878]

GC Heap History (10 events):
Event: 125.355 GC heap before
{Heap before GC invocations=25 (full 2):
 PSYoungGen      total 121856K, used 12717K [0x00000007aab00000, 0x00000007b3700000, 0x00000007c0000000)
  eden space 108544K, 0% used [0x00000007aab00000,0x00000007aab00000,0x00000007b1500000)
  from space 13312K, 95% used [0x00000007b1500000,0x00000007b216b630,0x00000007b2200000)
  to   space 14336K, 0% used [0x00000007b2900000,0x00000007b2900000,0x00000007b3700000)
 ParOldGen       total 49664K, used 36647K [0x0000000780000000, 0x0000000783080000, 0x00000007aab00000)
  object space 49664K, 73% used [0x0000000780000000,0x00000007823c9c40,0x0000000783080000)
 Metaspace       used 34723K, capacity 35424K, committed 35496K, reserved 1081344K
  class space    used 4181K, capacity 4492K, committed 4520K, reserved 1048576K
Event: 125.616 GC heap after
Heap after GC invocations=25 (full 2):
 PSYoungGen      total 121856K, used 0K [0x00000007aab00000, 0x00000007b3700000, 0x00000007c0000000)
  eden space 108544K, 0% used [0x00000007aab00000,0x00000007aab00000,0x00000007b1500000)
  from space 13312K, 0% used [0x00000007b1500000,0x00000007b1500000,0x00000007b2200000)
  to   space 14336K, 0% used [0x00000007b2900000,0x00000007b2900000,0x00000007b3700000)
 ParOldGen       total 88064K, used 36726K [0x0000000780000000, 0x0000000785600000, 0x00000007aab00000)
  object space 88064K, 41% used [0x0000000780000000,0x00000007823ddab8,0x0000000785600000)
 Metaspace       used 34723K, capacity 35424K, committed 35496K, reserved 1081344K
  class space    used 4181K, capacity 4492K, committed 4520K, reserved 1048576K
}
Event: 133.820 GC heap before
{Heap before GC invocations=26 (full 2):
 PSYoungGen      total 121856K, used 108544K [0x00000007aab00000, 0x00000007b3700000, 0x00000007c0000000)
  eden space 108544K, 100% used [0x00000007aab00000,0x00000007b1500000,0x00000007b1500000)
  from space 13312K, 0% used [0x00000007b1500000,0x00000007b1500000,0x00000007b2200000)
  to   space 14336K, 0% used [0x00000007b2900000,0x00000007b2900000,0x00000007b3700000)
 ParOldGen       total 88064K, used 36726K [0x0000000780000000, 0x0000000785600000, 0x00000007aab00000)
  object space 88064K, 41% used [0x0000000780000000,0x00000007823ddab8,0x0000000785600000)
 Metaspace       used 38197K, capacity 38950K, committed 39080K, reserved 1083392K
  class space    used 4687K, capacity 5005K, committed 5032K, reserved 1048576K
Event: 133.831 GC heap after
Heap after GC invocations=26 (full 2):
 PSYoungGen      total 129536K, used 9144K [0x00000007aab00000, 0x00000007b3800000, 0x00000007c0000000)
  eden space 115200K, 0% used [0x00000007aab00000,0x00000007aab00000,0x00000007b1b80000)
  from space 14336K, 63% used [0x00000007b2900000,0x00000007b31ee000,0x00000007b3700000)
  to   space 13824K, 0% used [0x00000007b1b80000,0x00000007b1b80000,0x00000007b2900000)
 ParOldGen       total 88064K, used 36734K [0x0000000780000000, 0x0000000785600000, 0x00000007aab00000)
  object space 88064K, 41% used [0x0000000780000000,0x00000007823dfab8,0x0000000785600000)
 Metaspace       used 38197K, capacity 38950K, committed 39080K, reserved 1083392K
  class space    used 4687K, capacity 5005K, committed 5032K, reserved 1048576K
}
Event: 666.081 GC heap before
{Heap before GC invocations=27 (full 2):
 PSYoungGen      total 129536K, used 124344K [0x00000007aab00000, 0x00000007b3800000, 0x00000007c0000000)
  eden space 115200K, 100% used [0x00000007aab00000,0x00000007b1b80000,0x00000007b1b80000)
  from space 14336K, 63% used [0x00000007b2900000,0x00000007b31ee000,0x00000007b3700000)
  to   space 13824K, 0% used [0x00000007b1b80000,0x00000007b1b80000,0x00000007b2900000)
 ParOldGen       total 88064K, used 36734K [0x0000000780000000, 0x0000000785600000, 0x00000007aab00000)
  object space 88064K, 41% used [0x0000000780000000,0x00000007823dfab8,0x0000000785600000)
 Metaspace       used 39486K, capacity 40304K, committed 40616K, reserved 1085440K
  class space    used 4872K, capacity 5219K, committed 5288K, reserved 1048576K
Event: 666.155 GC heap after
Heap after GC invocations=27 (full 2):
 PSYoungGen      total 129024K, used 13816K [0x00000007aab00000, 0x00000007b4300000, 0x00000007c0000000)
  eden space 115200K, 0% used [0x00000007aab00000,0x00000007aab00000,0x00000007b1b80000)
  from space 13824K, 99% used [0x00000007b1b80000,0x00000007b28fe390,0x00000007b2900000)
  to   space 17408K, 0% used [0x00000007b3200000,0x00000007b3200000,0x00000007b4300000)
 ParOldGen       total 88064K, used 42868K [0x0000000780000000, 0x0000000785600000, 0x00000007aab00000)
  object space 88064K, 48% used [0x0000000780000000,0x00000007829dd068,0x0000000785600000)
 Metaspace       used 39486K, capacity 40304K, committed 40616K, reserved 1085440K
  class space    used 4872K, capacity 5219K, committed 5288K, reserved 1048576K
}
Event: 670.855 GC heap before
{Heap before GC invocations=28 (full 2):
 PSYoungGen      total 129024K, used 129016K [0x00000007aab00000, 0x00000007b4300000, 0x00000007c0000000)
  eden space 115200K, 100% used [0x00000007aab00000,0x00000007b1b80000,0x00000007b1b80000)
  from space 13824K, 99% used [0x00000007b1b80000,0x00000007b28fe390,0x00000007b2900000)
  to   space 17408K, 0% used [0x00000007b3200000,0x00000007b3200000,0x00000007b4300000)
 ParOldGen       total 88064K, used 42868K [0x0000000780000000, 0x0000000785600000, 0x00000007aab00000)
  object space 88064K, 48% used [0x0000000780000000,0x00000007829dd068,0x0000000785600000)
 Metaspace       used 39488K, capacity 40304K, committed 40616K, reserved 1085440K
  class space    used 4872K, capacity 5219K, committed 5288K, reserved 1048576K
Event: 670.875 GC heap after
Heap after GC invocations=28 (full 2):
 PSYoungGen      total 136704K, used 15770K [0x00000007aab00000, 0x00000007b4680000, 0x00000007c0000000)
  eden space 119296K, 0% used [0x00000007aab00000,0x00000007aab00000,0x00000007b1f80000)
  from space 17408K, 90% used [0x00000007b3200000,0x00000007b4166a48,0x00000007b4300000)
  to   space 18944K, 0% used [0x00000007b1f80000,0x00000007b1f80000,0x00000007b3200000)
 ParOldGen       total 88064K, used 42868K [0x0000000780000000, 0x0000000785600000, 0x00000007aab00000)
  object space 88064K, 48% used [0x0000000780000000,0x00000007829dd068,0x0000000785600000)
 Metaspace       used 39488K, capacity 40304K, committed 40616K, reserved 1085440K
  class space    used 4872K, capacity 5219K, committed 5288K, reserved 1048576K
}
Event: 672.790 GC heap before
{Heap before GC invocations=29 (full 2):
 PSYoungGen      total 136704K, used 135066K [0x00000007aab00000, 0x00000007b4680000, 0x00000007c0000000)
  eden space 119296K, 100% used [0x00000007aab00000,0x00000007b1f80000,0x00000007b1f80000)
  from space 17408K, 90% used [0x00000007b3200000,0x00000007b4166a48,0x00000007b4300000)
  to   space 18944K, 0% used [0x00000007b1f80000,0x00000007b1f80000,0x00000007b3200000)
 ParOldGen       total 88064K, used 42868K [0x0000000780000000, 0x0000000785600000, 0x00000007aab00000)
  object space 88064K, 48% used [0x0000000780000000,0x00000007829dd068,0x0000000785600000)
 Metaspace       used 39506K, capacity 40304K, committed 40616K, reserved 1085440K
  class space    used 4875K, capacity 5219K, committed 5288K, reserved 1048576K
Event: 672.801 GC heap after
Heap after GC invocations=29 (full 2):
 PSYoungGen      total 138240K, used 17238K [0x00000007aab00000, 0x00000007b4e80000, 0x00000007c0000000)
  eden space 119296K, 0% used [0x00000007aab00000,0x00000007aab00000,0x00000007b1f80000)
  from space 18944K, 90% used [0x00000007b1f80000,0x00000007b30559e8,0x00000007b3200000)
  to   space 20480K, 0% used [0x00000007b3a80000,0x00000007b3a80000,0x00000007b4e80000)
 ParOldGen       total 88064K, used 42868K [0x0000000780000000, 0x0000000785600000, 0x00000007aab00000)
  object space 88064K, 48% used [0x0000000780000000,0x00000007829dd068,0x0000000785600000)
 Metaspace       used 39506K, capacity 40304K, committed 40616K, reserved 1085440K
  class space    used 4875K, capacity 5219K, committed 5288K, reserved 1048576K
}

Deoptimization events (10 events):
Event: 266.508 Thread 0x00007f95dc370800 Uncommon trap: reason=class_check action=maybe_recompile pc=0x00000001023f90b8 method=java.util.regex.Matcher.getTextLength()I @ 4
Event: 663.687 Thread 0x00007f95da011000 Uncommon trap: reason=class_check action=maybe_recompile pc=0x0000000102bfbe84 method=java.util.HashSet.contains(Ljava/lang/Object;)Z @ 5
Event: 663.687 Thread 0x00007f95da011000 Uncommon trap: reason=class_check action=maybe_recompile pc=0x0000000102bfbe84 method=java.util.HashSet.contains(Ljava/lang/Object;)Z @ 5
Event: 663.687 Thread 0x00007f95da011000 Uncommon trap: reason=class_check action=maybe_recompile pc=0x0000000102bfbe84 method=java.util.HashSet.contains(Ljava/lang/Object;)Z @ 5
Event: 663.687 Thread 0x00007f95da011000 Uncommon trap: reason=class_check action=maybe_recompile pc=0x0000000102bfbe84 method=java.util.HashSet.contains(Ljava/lang/Object;)Z @ 5
Event: 664.395 Thread 0x00007f95dd962000 Uncommon trap: reason=class_check action=maybe_recompile pc=0x0000000102b006b0 method=org.apache.catalina.webresources.AbstractArchiveResource$JarInputStreamWrapper.read([BII)I @ 7
Event: 664.395 Thread 0x00007f95dd962000 Uncommon trap: reason=class_check action=maybe_recompile pc=0x0000000102b006b0 method=org.apache.catalina.webresources.AbstractArchiveResource$JarInputStreamWrapper.read([BII)I @ 7
Event: 664.767 Thread 0x00007f95dd962000 Uncommon trap: reason=unstable_if action=reinterpret pc=0x0000000102a503ac method=org.apache.tomcat.util.bcel.classfile.ClassParser.readClassInfo()V @ 100
Event: 664.767 Thread 0x00007f95dd962000 Uncommon trap: reason=unstable_if action=reinterpret pc=0x0000000102ac0bf8 method=org.apache.catalina.startup.ContextConfig.populateSCIsForCacheEntry(Lorg/apache/catalina/startup/ContextConfig$JavaClassCacheEntry;)V @ 34
Event: 664.798 Thread 0x00007f95dd962000 Uncommon trap: reason=unstable_if action=reinterpret pc=0x0000000102a82b48 method=org.apache.catalina.startup.ContextConfig.getSCIsForClass(Ljava/lang/String;)Ljava/util/Set; @ 62

Internal exceptions (10 events):
Event: 135.549 Thread 0x00007f95e08eb800 Exception <a 'java/net/SocketTimeoutException': Read timed out> (0x00000007aba70718) thrown at [/HUDSON3/workspace/8-2-build-macosx-x86_64/jdk8u66/4988/hotspot/src/share/vm/prims/jni.cpp, line 735]
Event: 135.780 Thread 0x00007f95e08eb800 Exception <a 'java/net/SocketTimeoutException': Read timed out> (0x00000007abc71b40) thrown at [/HUDSON3/workspace/8-2-build-macosx-x86_64/jdk8u66/4988/hotspot/src/share/vm/prims/jni.cpp, line 735]
Event: 135.974 Thread 0x00007f95e08eb800 Exception <a 'java/lang/reflect/InvocationTargetException'> (0x00000007abf44e70) thrown at [/HUDSON3/workspace/8-2-build-macosx-x86_64/jdk8u66/4988/hotspot/src/share/vm/runtime/reflection.cpp, line 1092]
Event: 135.974 Thread 0x00007f95e08eb800 Exception <a 'java/lang/reflect/InvocationTargetException'> (0x00000007abf46aa0) thrown at [/HUDSON3/workspace/8-2-build-macosx-x86_64/jdk8u66/4988/hotspot/src/share/vm/runtime/reflection.cpp, line 1092]
Event: 135.974 Thread 0x00007f95e08eb800 Exception <a 'java/lang/reflect/InvocationTargetException'> (0x00000007abf47e00) thrown at [/HUDSON3/workspace/8-2-build-macosx-x86_64/jdk8u66/4988/hotspot/src/share/vm/runtime/reflection.cpp, line 1092]
Event: 266.383 Thread 0x00007f95dc370800 Exception <a 'java/net/SocketTimeoutException': Read timed out> (0x00000007ac515240) thrown at [/HUDSON3/workspace/8-2-build-macosx-x86_64/jdk8u66/4988/hotspot/src/share/vm/prims/jni.cpp, line 735]
Event: 266.493 Thread 0x00007f95dc370800 Exception <a 'java/lang/reflect/InvocationTargetException'> (0x00000007ac5346a8) thrown at [/HUDSON3/workspace/8-2-build-macosx-x86_64/jdk8u66/4988/hotspot/src/share/vm/runtime/reflection.cpp, line 1092]
Event: 266.494 Thread 0x00007f95dc370800 Exception <a 'java/lang/reflect/InvocationTargetException'> (0x00000007ac5361c8) thrown at [/HUDSON3/workspace/8-2-build-macosx-x86_64/jdk8u66/4988/hotspot/src/share/vm/runtime/reflection.cpp, line 1092]
Event: 266.494 Thread 0x00007f95dc370800 Exception <a 'java/lang/reflect/InvocationTargetException'> (0x00000007ac537528) thrown at [/HUDSON3/workspace/8-2-build-macosx-x86_64/jdk8u66/4988/hotspot/src/share/vm/runtime/reflection.cpp, line 1092]
Event: 676.809 Thread 0x00007f95dd962000 Exception <a 'java/util/zip/ZipException'> (0x00000007acddc198) thrown at [/HUDSON3/workspace/8-2-build-macosx-x86_64/jdk8u66/4988/hotspot/src/share/vm/prims/jni.cpp, line 709]

Events (10 events):
Event: 670.961 loading class org/glassfish/jersey/server/ResourceConfig$WrappingResourceConfig done
Event: 672.699 loading class org/glassfish/jersey/server/wadl/internal/WadlResource
Event: 672.699 loading class org/glassfish/jersey/server/wadl/internal/WadlResource done
Event: 672.790 Executing VM operation: ParallelGCFailedAllocation
Event: 672.801 Executing VM operation: ParallelGCFailedAllocation done
Event: 672.820 Thread 0x00007f95db826800 flushing nmethod 0x000000010281c9d0
Event: 672.978 Thread 0x00007f95db001000 flushing nmethod 0x00000001028c7510
Event: 673.308 Thread 0x00007f95db826800 flushing nmethod 0x0000000102949750
Event: 676.809 loading class java/util/zip/DataFormatException
Event: 676.810 loading class java/util/zip/DataFormatException done


Dynamic libraries:
0x0000000008d6e000 	/System/Library/Frameworks/Cocoa.framework/Versions/A/Cocoa
0x0000000008d6e000 	/System/Library/Frameworks/Security.framework/Versions/A/Security
0x0000000008d6e000 	/System/Library/Frameworks/ApplicationServices.framework/Versions/A/ApplicationServices
0x0000000008d6e000 	/usr/lib/libz.1.dylib
0x0000000008d6e000 	/usr/lib/libSystem.B.dylib
0x0000000008d6e000 	/usr/lib/libobjc.A.dylib
0x0000000008d6e000 	/System/Library/Frameworks/CoreFoundation.framework/Versions/A/CoreFoundation
0x0000000008d6e000 	/System/Library/Frameworks/Foundation.framework/Versions/C/Foundation
0x0000000008d6e000 	/System/Library/Frameworks/AppKit.framework/Versions/C/AppKit
0x0000000008d6e000 	/System/Library/Frameworks/CoreData.framework/Versions/A/CoreData
0x0000000008d6e000 	/System/Library/PrivateFrameworks/RemoteViewServices.framework/Versions/A/RemoteViewServices
0x0000000008d6e000 	/System/Library/PrivateFrameworks/UIFoundation.framework/Versions/A/UIFoundation
0x0000000008d6e000 	/usr/lib/libScreenReader.dylib
0x0000000008d6e000 	/System/Library/Frameworks/Accelerate.framework/Versions/A/Accelerate
0x0000000008d6e000 	/System/Library/Frameworks/IOSurface.framework/Versions/A/IOSurface
0x0000000008d6e000 	/System/Library/Frameworks/AudioToolbox.framework/Versions/A/AudioToolbox
0x0000000008d6e000 	/System/Library/Frameworks/AudioUnit.framework/Versions/A/AudioUnit
0x0000000008d6e000 	/System/Library/PrivateFrameworks/DataDetectorsCore.framework/Versions/A/DataDetectorsCore
0x0000000008d6e000 	/System/Library/PrivateFrameworks/DesktopServicesPriv.framework/Versions/A/DesktopServicesPriv
0x0000000008d6e000 	/System/Library/Frameworks/Carbon.framework/Versions/A/Frameworks/HIToolbox.framework/Versions/A/HIToolbox
0x0000000008d6e000 	/System/Library/Frameworks/QuartzCore.framework/Versions/A/QuartzCore
0x0000000008d6e000 	/System/Library/Frameworks/Carbon.framework/Versions/A/Frameworks/SpeechRecognition.framework/Versions/A/SpeechRecognition
0x0000000008d6e000 	/usr/lib/libauto.dylib
0x0000000008d6e000 	/usr/lib/libicucore.A.dylib
0x0000000008d6e000 	/usr/lib/libxml2.2.dylib
0x0000000008d6e000 	/System/Library/PrivateFrameworks/CoreUI.framework/Versions/A/CoreUI
0x0000000008d6e000 	/System/Library/Frameworks/CoreAudio.framework/Versions/A/CoreAudio
0x0000000008d6e000 	/System/Library/Frameworks/DiskArbitration.framework/Versions/A/DiskArbitration
0x0000000008d6e000 	/usr/lib/liblangid.dylib
0x0000000008d6e000 	/System/Library/PrivateFrameworks/MultitouchSupport.framework/Versions/A/MultitouchSupport
0x0000000008d6e000 	/System/Library/Frameworks/IOKit.framework/Versions/A/IOKit
0x0000000008d6e000 	/usr/lib/libDiagnosticMessagesClient.dylib
0x0000000008d6e000 	/System/Library/Frameworks/CoreServices.framework/Versions/A/CoreServices
0x0000000008d6e000 	/System/Library/PrivateFrameworks/PerformanceAnalysis.framework/Versions/A/PerformanceAnalysis
0x0000000008d6e000 	/System/Library/PrivateFrameworks/GenerationalStorage.framework/Versions/A/GenerationalStorage
0x0000000008d6e000 	/System/Library/Frameworks/OpenGL.framework/Versions/A/OpenGL
0x0000000008d6e000 	/System/Library/PrivateFrameworks/Sharing.framework/Versions/A/Sharing
0x0000000008d6e000 	/System/Library/Frameworks/CoreGraphics.framework/Versions/A/CoreGraphics
0x0000000008d6e000 	/System/Library/Frameworks/CoreImage.framework/Versions/A/CoreImage
0x0000000008d6e000 	/System/Library/Frameworks/CoreText.framework/Versions/A/CoreText
0x0000000008d6e000 	/System/Library/Frameworks/ImageIO.framework/Versions/A/ImageIO
0x0000000008d6e000 	/System/Library/PrivateFrameworks/Backup.framework/Versions/A/Backup
0x0000000008d6e000 	/usr/lib/libextension.dylib
0x0000000008d6e000 	/usr/lib/libarchive.2.dylib
0x0000000008d6e000 	/System/Library/Frameworks/CFNetwork.framework/Versions/A/CFNetwork
0x0000000008d6e000 	/System/Library/Frameworks/SystemConfiguration.framework/Versions/A/SystemConfiguration
0x0000000008d6e000 	/usr/lib/libCRFSuite.dylib
0x0000000008d6e000 	/usr/lib/libc++.1.dylib
0x0000000008d6e000 	/usr/lib/libc++abi.dylib
0x0000000008d6e000 	/usr/lib/system/libcache.dylib
0x0000000008d6e000 	/usr/lib/system/libcommonCrypto.dylib
0x0000000008d6e000 	/usr/lib/system/libcompiler_rt.dylib
0x0000000008d6e000 	/usr/lib/system/libcopyfile.dylib
0x0000000008d6e000 	/usr/lib/system/libcorecrypto.dylib
0x0000000008d6e000 	/usr/lib/system/libdispatch.dylib
0x0000000008d6e000 	/usr/lib/system/libdyld.dylib
0x0000000008d6e000 	/usr/lib/system/libkeymgr.dylib
0x0000000008d6e000 	/usr/lib/system/liblaunch.dylib
0x0000000008d6e000 	/usr/lib/system/libmacho.dylib
0x0000000008d6e000 	/usr/lib/system/libquarantine.dylib
0x0000000008d6e000 	/usr/lib/system/libremovefile.dylib
0x0000000008d6e000 	/usr/lib/system/libsystem_asl.dylib
0x0000000008d6e000 	/usr/lib/system/libsystem_blocks.dylib
0x0000000008d6e000 	/usr/lib/system/libsystem_c.dylib
0x0000000008d6e000 	/usr/lib/system/libsystem_configuration.dylib
0x0000000008d6e000 	/usr/lib/system/libsystem_coreservices.dylib
0x0000000008d6e000 	/usr/lib/system/libsystem_coretls.dylib
0x0000000008d6e000 	/usr/lib/system/libsystem_dnssd.dylib
0x0000000008d6e000 	/usr/lib/system/libsystem_info.dylib
0x0000000008d6e000 	/usr/lib/system/libsystem_kernel.dylib
0x0000000008d6e000 	/usr/lib/system/libsystem_m.dylib
0x0000000008d6e000 	/usr/lib/system/libsystem_malloc.dylib
0x0000000008d6e000 	/usr/lib/system/libsystem_network.dylib
0x0000000008d6e000 	/usr/lib/system/libsystem_networkextension.dylib
0x0000000008d6e000 	/usr/lib/system/libsystem_notify.dylib
0x0000000008d6e000 	/usr/lib/system/libsystem_platform.dylib
0x0000000008d6e000 	/usr/lib/system/libsystem_pthread.dylib
0x0000000008d6e000 	/usr/lib/system/libsystem_sandbox.dylib
0x0000000008d6e000 	/usr/lib/system/libsystem_secinit.dylib
0x0000000008d6e000 	/usr/lib/system/libsystem_trace.dylib
0x0000000008d6e000 	/usr/lib/system/libunc.dylib
0x0000000008d6e000 	/usr/lib/system/libunwind.dylib
0x0000000008d6e000 	/usr/lib/system/libxpc.dylib
0x0000000008d6e000 	/usr/lib/libenergytrace.dylib
0x0000000008d6e000 	/usr/lib/libbsm.0.dylib
0x0000000008d6e000 	/usr/lib/system/libkxld.dylib
0x0000000008d6e000 	/usr/lib/libxar.1.dylib
0x0000000008d6e000 	/usr/lib/libsqlite3.dylib
0x0000000008d6e000 	/usr/lib/libpam.2.dylib
0x0000000008d6e000 	/usr/lib/libOpenScriptingUtil.dylib
0x0000000008d6e000 	/usr/lib/libbz2.1.0.dylib
0x0000000008d6e000 	/usr/lib/liblzma.5.dylib
0x0000000008d6e000 	/System/Library/Frameworks/CoreServices.framework/Versions/A/Frameworks/FSEvents.framework/Versions/A/FSEvents
0x0000000008d6e000 	/System/Library/Frameworks/CoreServices.framework/Versions/A/Frameworks/CarbonCore.framework/Versions/A/CarbonCore
0x0000000008d6e000 	/System/Library/Frameworks/CoreServices.framework/Versions/A/Frameworks/Metadata.framework/Versions/A/Metadata
0x0000000008d6e000 	/System/Library/Frameworks/CoreServices.framework/Versions/A/Frameworks/OSServices.framework/Versions/A/OSServices
0x0000000008d6e000 	/System/Library/Frameworks/CoreServices.framework/Versions/A/Frameworks/SearchKit.framework/Versions/A/SearchKit
0x0000000008d6e000 	/System/Library/Frameworks/CoreServices.framework/Versions/A/Frameworks/AE.framework/Versions/A/AE
0x0000000008d6e000 	/System/Library/Frameworks/CoreServices.framework/Versions/A/Frameworks/LaunchServices.framework/Versions/A/LaunchServices
0x0000000008d6e000 	/System/Library/Frameworks/CoreServices.framework/Versions/A/Frameworks/DictionaryServices.framework/Versions/A/DictionaryServices
0x0000000008d6e000 	/System/Library/Frameworks/CoreServices.framework/Versions/A/Frameworks/SharedFileList.framework/Versions/A/SharedFileList
0x0000000008d6e000 	/System/Library/Frameworks/NetFS.framework/Versions/A/NetFS
0x0000000008d6e000 	/System/Library/PrivateFrameworks/NetAuth.framework/Versions/A/NetAuth
0x0000000008d6e000 	/System/Library/PrivateFrameworks/login.framework/Versions/A/Frameworks/loginsupport.framework/Versions/A/loginsupport
0x0000000008d6e000 	/System/Library/PrivateFrameworks/TCC.framework/Versions/A/TCC
0x0000000008d6e000 	/usr/lib/libmecabra.dylib
0x0000000008d6e000 	/System/Library/Frameworks/ApplicationServices.framework/Versions/A/Frameworks/ATS.framework/Versions/A/ATS
0x0000000008d6e000 	/System/Library/Frameworks/ApplicationServices.framework/Versions/A/Frameworks/ColorSync.framework/Versions/A/ColorSync
0x0000000008d6e000 	/System/Library/Frameworks/ApplicationServices.framework/Versions/A/Frameworks/HIServices.framework/Versions/A/HIServices
0x0000000008d6e000 	/System/Library/Frameworks/ApplicationServices.framework/Versions/A/Frameworks/LangAnalysis.framework/Versions/A/LangAnalysis
0x0000000008d6e000 	/System/Library/Frameworks/ApplicationServices.framework/Versions/A/Frameworks/PrintCore.framework/Versions/A/PrintCore
0x0000000008d6e000 	/System/Library/Frameworks/ApplicationServices.framework/Versions/A/Frameworks/QD.framework/Versions/A/QD
0x0000000008d6e000 	/System/Library/Frameworks/ApplicationServices.framework/Versions/A/Frameworks/SpeechSynthesis.framework/Versions/A/SpeechSynthesis
0x0000000008d6e000 	/System/Library/Frameworks/Metal.framework/Versions/A/Metal
0x0000000008d6e000 	/System/Library/Frameworks/Accelerate.framework/Versions/A/Frameworks/vImage.framework/Versions/A/vImage
0x0000000008d6e000 	/System/Library/Frameworks/Accelerate.framework/Versions/A/Frameworks/vecLib.framework/Versions/A/vecLib
0x0000000008d6e000 	/System/Library/Frameworks/Accelerate.framework/Versions/A/Frameworks/vecLib.framework/Versions/A/libvDSP.dylib
0x0000000008d6e000 	/System/Library/Frameworks/Accelerate.framework/Versions/A/Frameworks/vecLib.framework/Versions/A/libvMisc.dylib
0x0000000008d6e000 	/System/Library/Frameworks/Accelerate.framework/Versions/A/Frameworks/vecLib.framework/Versions/A/libLAPACK.dylib
0x0000000008d6e000 	/System/Library/Frameworks/Accelerate.framework/Versions/A/Frameworks/vecLib.framework/Versions/A/libBLAS.dylib
0x0000000008d6e000 	/System/Library/Frameworks/Accelerate.framework/Versions/A/Frameworks/vecLib.framework/Versions/A/libLinearAlgebra.dylib
0x0000000008d6e000 	/System/Library/Frameworks/Accelerate.framework/Versions/A/Frameworks/vecLib.framework/Versions/A/libSparseBLAS.dylib
0x0000000008d6e000 	/System/Library/PrivateFrameworks/GPUCompiler.framework/libmetal_timestamp.dylib
0x0000000008d6e000 	/System/Library/Frameworks/OpenGL.framework/Versions/A/Libraries/libCoreFSCache.dylib
0x0000000008d6e000 	/System/Library/PrivateFrameworks/IOAccelerator.framework/Versions/A/IOAccelerator
0x0000000008d6e000 	/System/Library/Frameworks/ApplicationServices.framework/Versions/A/Frameworks/ATS.framework/Versions/A/Resources/libFontParser.dylib
0x0000000008d6e000 	/System/Library/Frameworks/ApplicationServices.framework/Versions/A/Frameworks/ATS.framework/Versions/A/Resources/libFontRegistry.dylib
0x0000000008d6e000 	/System/Library/PrivateFrameworks/AppleVPA.framework/Versions/A/AppleVPA
0x0000000008d6e000 	/System/Library/PrivateFrameworks/AppleJPEG.framework/Versions/A/AppleJPEG
0x0000000008d6e000 	/System/Library/Frameworks/ImageIO.framework/Versions/A/Resources/libJPEG.dylib
0x0000000008d6e000 	/System/Library/Frameworks/ImageIO.framework/Versions/A/Resources/libTIFF.dylib
0x0000000008d6e000 	/System/Library/Frameworks/ImageIO.framework/Versions/A/Resources/libPng.dylib
0x0000000008d6e000 	/System/Library/Frameworks/ImageIO.framework/Versions/A/Resources/libGIF.dylib
0x0000000008d6e000 	/System/Library/Frameworks/ImageIO.framework/Versions/A/Resources/libJP2.dylib
0x0000000008d6e000 	/System/Library/Frameworks/ImageIO.framework/Versions/A/Resources/libRadiance.dylib
0x0000000008d6e000 	/System/Library/Frameworks/CoreVideo.framework/Versions/A/CoreVideo
0x0000000008d6e000 	/System/Library/Frameworks/OpenGL.framework/Versions/A/Libraries/libGLU.dylib
0x0000000008d6e000 	/System/Library/Frameworks/OpenGL.framework/Versions/A/Libraries/libGFXShared.dylib
0x0000000008d6e000 	/System/Library/Frameworks/OpenGL.framework/Versions/A/Libraries/libGL.dylib
0x0000000008d6e000 	/System/Library/Frameworks/OpenGL.framework/Versions/A/Libraries/libGLImage.dylib
0x0000000008d6e000 	/System/Library/Frameworks/OpenGL.framework/Versions/A/Libraries/libCVMSPluginSupport.dylib
0x0000000008d6e000 	/System/Library/Frameworks/OpenGL.framework/Versions/A/Libraries/libCoreVMClient.dylib
0x0000000008d6e000 	/usr/lib/libcups.2.dylib
0x0000000008d6e000 	/System/Library/Frameworks/Kerberos.framework/Versions/A/Kerberos
0x0000000008d6e000 	/System/Library/Frameworks/GSS.framework/Versions/A/GSS
0x0000000008d6e000 	/usr/lib/libresolv.9.dylib
0x0000000008d6e000 	/usr/lib/libiconv.2.dylib
0x0000000008d6e000 	/System/Library/PrivateFrameworks/Heimdal.framework/Versions/A/Heimdal
0x0000000008d6e000 	/usr/lib/libheimdal-asn1.dylib
0x0000000008d6e000 	/System/Library/Frameworks/OpenDirectory.framework/Versions/A/OpenDirectory
0x0000000008d6e000 	/System/Library/PrivateFrameworks/CommonAuth.framework/Versions/A/CommonAuth
0x0000000008d6e000 	/System/Library/Frameworks/OpenDirectory.framework/Versions/A/Frameworks/CFOpenDirectory.framework/Versions/A/CFOpenDirectory
0x0000000008d6e000 	/System/Library/Frameworks/SecurityFoundation.framework/Versions/A/SecurityFoundation
0x0000000008d6e000 	/System/Library/PrivateFrameworks/LanguageModeling.framework/Versions/A/LanguageModeling
0x0000000008d6e000 	/usr/lib/libmarisa.dylib
0x0000000008d6e000 	/usr/lib/libChineseTokenizer.dylib
0x0000000008d6e000 	/usr/lib/libcmph.dylib
0x0000000008d6e000 	/usr/lib/libcompression.dylib
0x0000000008d6e000 	/System/Library/Frameworks/ServiceManagement.framework/Versions/A/ServiceManagement
0x0000000008d6e000 	/usr/lib/libxslt.1.dylib
0x0000000008d6e000 	/System/Library/Frameworks/Carbon.framework/Versions/A/Frameworks/Ink.framework/Versions/A/Ink
0x0000000008d6e000 	/usr/lib/libFosl_dynamic.dylib
0x0000000008d6e000 	/System/Library/PrivateFrameworks/FaceCore.framework/Versions/A/FaceCore
0x0000000008d6e000 	/System/Library/Frameworks/OpenCL.framework/Versions/A/OpenCL
0x0000000008d6e000 	/System/Library/PrivateFrameworks/CrashReporterSupport.framework/Versions/A/CrashReporterSupport
0x0000000008d6e000 	/System/Library/PrivateFrameworks/IconServices.framework/Versions/A/IconServices
0x0000000008d6e000 	/System/Library/PrivateFrameworks/Apple80211.framework/Versions/A/Apple80211
0x0000000008d6e000 	/System/Library/Frameworks/CoreWLAN.framework/Versions/A/CoreWLAN
0x0000000008d6e000 	/System/Library/Frameworks/IOBluetooth.framework/Versions/A/IOBluetooth
0x0000000008d6e000 	/System/Library/PrivateFrameworks/CoreWiFi.framework/Versions/A/CoreWiFi
0x0000000008d6e000 	/System/Library/Frameworks/CoreBluetooth.framework/Versions/A/CoreBluetooth
0x0000000008d6e000 	/System/Library/PrivateFrameworks/ChunkingLibrary.framework/Versions/A/ChunkingLibrary
0x0000000008d6e000 	/System/Library/PrivateFrameworks/DebugSymbols.framework/Versions/A/DebugSymbols
0x0000000008d6e000 	/System/Library/PrivateFrameworks/CoreSymbolication.framework/Versions/A/CoreSymbolication
0x0000000008d6e000 	/System/Library/PrivateFrameworks/Symbolication.framework/Versions/A/Symbolication
0x0000000008d6e000 	/System/Library/PrivateFrameworks/SpeechRecognitionCore.framework/Versions/A/SpeechRecognitionCore
0x0000000101000000 	/Library/Java/JavaVirtualMachines/jdk1.8.0_66.jdk/Contents/Home/jre/lib/server/libjvm.dylib
0x0000000008d6e000 	/usr/lib/libstdc++.6.dylib
0x000000010063d000 	/Library/Java/JavaVirtualMachines/jdk1.8.0_66.jdk/Contents/Home/jre/lib/libverify.dylib
0x000000010064b000 	/Library/Java/JavaVirtualMachines/jdk1.8.0_66.jdk/Contents/Home/jre/lib/libjava.dylib
0x000000010068a000 	/Library/Java/JavaVirtualMachines/jdk1.8.0_66.jdk/Contents/Home/jre/lib/libzip.dylib
0x0000000115215000 	/System/Library/Frameworks/JavaVM.framework/Frameworks/JavaRuntimeSupport.framework/JavaRuntimeSupport
0x0000000115230000 	/System/Library/Frameworks/JavaVM.framework/Versions/A/Frameworks/JavaNativeFoundation.framework/Versions/A/JavaNativeFoundation
0x0000000115245000 	/System/Library/Frameworks/JavaVM.framework/Versions/A/JavaVM
0x0000000008d6e000 	/System/Library/Frameworks/Carbon.framework/Versions/A/Carbon
0x0000000115252000 	/System/Library/PrivateFrameworks/JavaLaunching.framework/Versions/A/JavaLaunching
0x0000000008d6e000 	/System/Library/Frameworks/Carbon.framework/Versions/A/Frameworks/CommonPanels.framework/Versions/A/CommonPanels
0x0000000008d6e000 	/System/Library/Frameworks/Carbon.framework/Versions/A/Frameworks/Help.framework/Versions/A/Help
0x0000000008d6e000 	/System/Library/Frameworks/Carbon.framework/Versions/A/Frameworks/ImageCapture.framework/Versions/A/ImageCapture
0x0000000008d6e000 	/System/Library/Frameworks/Carbon.framework/Versions/A/Frameworks/OpenScripting.framework/Versions/A/OpenScripting
0x0000000008d6e000 	/System/Library/Frameworks/Carbon.framework/Versions/A/Frameworks/Print.framework/Versions/A/Print
0x0000000008d6e000 	/System/Library/Frameworks/Carbon.framework/Versions/A/Frameworks/SecurityHI.framework/Versions/A/SecurityHI
0x0000000116c7f000 	/Library/Java/JavaVirtualMachines/jdk1.8.0_66.jdk/Contents/Home/jre/lib/libnet.dylib
0x0000000116c41000 	/Library/Java/JavaVirtualMachines/jdk1.8.0_66.jdk/Contents/Home/jre/lib/libmanagement.dylib
0x0000000116c4f000 	/Library/Java/JavaVirtualMachines/jdk1.8.0_66.jdk/Contents/Home/jre/lib/libnio.dylib
0x0000000116d29000 	/Library/Java/JavaVirtualMachines/jdk1.8.0_66.jdk/Contents/Home/jre/lib/libsunec.dylib

VM Arguments:
jvm_args: -Djava.security.egd=file:/dev/./urandom -Dfile.encoding=UTF-8 -Duser.country=US -Duser.language=en -Duser.variant 
java_command: org.akhikhl.gretty.Runner --servicePort=55566 --statusPort=55567 --serverManagerFactory=org.akhikhl.gretty.ServerManagerFactory
java_class_path (initial): /Users/psampson/.gradle/caches/modules-2/files-2.1/org.akhikhl.gretty/gretty-runner-tomcat8/1.2.4/9e27791cc4dbc4a98a55987b1696d88699a9fe9d/gretty-runner-tomcat8-1.2.4.jar:/Users/psampson/.gradle/caches/modules-2/files-2.1/org.akhikhl.gretty/gretty-runner-tomcat/1.2.4/684a21495f5f9c71dab0e7755c074f74716cd966/gretty-runner-tomcat-1.2.4.jar:/Users/psampson/.gradle/caches/modules-2/files-2.1/org.apache.tomcat.embed/tomcat-embed-jasper/8.0.23/6119e0c41a0685540b874ee76b469fc2e8a0b9c4/tomcat-embed-jasper-8.0.23.jar:/Users/psampson/.gradle/caches/modules-2/files-2.1/org.apache.tomcat.embed/tomcat-embed-el/8.0.23/5a1ca084156665968232112b6606c0b259213aab/tomcat-embed-el-8.0.23.jar:/Users/psampson/.gradle/caches/modules-2/files-2.1/org.apache.tomcat.embed/tomcat-embed-core/8.0.23/79dc3aea4f447392ab0bdc1359c31a931cd307d6/tomcat-embed-core-8.0.23.jar:/Users/psampson/.gradle/caches/modules-2/files-2.1/org.apache.tomcat.embed/tomcat-embed-websocket/8.0.23/839167a26dec5dcef85fb19e2e429878b7215293/tomcat-embed-websocket-8.0.23.jar:/Users/psampson/.gradle/caches/modules-2/files-2.1/javax.servlet/javax.servlet-api/3.1.0/3cd63d075497751784b2fa84be59432f4905bf7c/javax.servlet-api-3.1.0.jar:/Users/psampson/.gradle/caches/modules-2/files-2.1/org.apache.tomcat.embed/tomcat-embed-logging-log4j/8.0.23/2fb320eef46f9833f727220e7d7db5cfcfcc815c/tomcat-embed-logging-log4j-8.0.23.jar:/Users/psampson/.gradle/caches/modules-2/files-2.1/org.slf4j/log4j-over-slf4j/1.7.12/d2444c9c7c1923304c25f86c5ee83a79a8166205/log4j-over-slf4j-1.7.12.jar:/Users/psampson/.gradle/caches/modules-2/files-2.1/org.akhikhl.gretty/gretty-runner/1.2.4/50723962cab2246f6fdaa256a27e90181bb03815/gretty-runner-1.2.4.jar:/Users/psampson/.gradle/caches/modules-2/files-2.1/org.eclipse.jdt.core.compiler/ecj/4.4.2/71d67f5bab9465ec844596ef844f40902ae25392/ecj-4.4.2.jar:/Users/psampson/.gradle/caches/modules-2/files-2.1/org.slf4j/slf4j-api/1.7.12/8e20852d05222dc286bf1c71d78d0531e177c317/slf4j-api-1.7.12.jar:
Launcher Type: SUN_STANDARD

Environment Variables:
PATH=/usr/bin:/bin:/usr/sbin:/sbin
SHELL=/usr/local/bin/zsh

Signal Handlers:
SIGSEGV: [libjvm.dylib+0x5a65d5], sa_mask[0]=11111111011111110111111111111111, sa_flags=SA_ONSTACK|SA_RESTART|SA_SIGINFO
SIGBUS: [libjvm.dylib+0x5a65d5], sa_mask[0]=11111111011111110111111111111111, sa_flags=SA_RESTART|SA_SIGINFO
SIGFPE: [libjvm.dylib+0x4802e8], sa_mask[0]=11111111011111110111111111111111, sa_flags=SA_RESTART|SA_SIGINFO
SIGPIPE: [libjvm.dylib+0x4802e8], sa_mask[0]=11111111011111110111111111111111, sa_flags=SA_RESTART|SA_SIGINFO
SIGXFSZ: [libjvm.dylib+0x4802e8], sa_mask[0]=11111111011111110111111111111111, sa_flags=SA_RESTART|SA_SIGINFO
SIGILL: [libjvm.dylib+0x4802e8], sa_mask[0]=11111111011111110111111111111111, sa_flags=SA_RESTART|SA_SIGINFO
SIGUSR1: SIG_DFL, sa_mask[0]=00000000000000000000000000000000, sa_flags=none
SIGUSR2: [libjvm.dylib+0x47fe06], sa_mask[0]=00100000000000000000000000000000, sa_flags=SA_RESTART|SA_SIGINFO
SIGHUP: [libjvm.dylib+0x47e3dd], sa_mask[0]=11111111011111110111111111111111, sa_flags=SA_RESTART|SA_SIGINFO
SIGINT: [libjvm.dylib+0x47e3dd], sa_mask[0]=11111111011111110111111111111111, sa_flags=SA_RESTART|SA_SIGINFO
SIGTERM: [libjvm.dylib+0x47e3dd], sa_mask[0]=11111111011111110111111111111111, sa_flags=SA_RESTART|SA_SIGINFO
SIGQUIT: [libjvm.dylib+0x47e3dd], sa_mask[0]=11111111011111110111111111111111, sa_flags=SA_RESTART|SA_SIGINFO


---------------  S Y S T E M  ---------------

OS:Bsduname:Darwin 15.2.0 Darwin Kernel Version 15.2.0: Fri Nov 13 19:56:56 PST 2015; root:xnu-3248.20.55~2/RELEASE_X86_64 x86_64
rlimit: STACK 8192k, CORE 0k, NPROC 709, NOFILE 10240, AS infinity
load average:3.48 2.77 2.54

CPU:total 4 (2 cores per cpu, 2 threads per core) family 6 model 61 stepping 4, cmov, cx8, fxsr, mmx, sse, sse2, sse3, ssse3, sse4.1, sse4.2, popcnt, avx, avx2, aes, clmul, erms, 3dnowpref, lzcnt, ht, tsc, tscinvbit, bmi1, bmi2, adx

Memory: 4k page, physical 4194304k(21468k free)

/proc/meminfo:


vm_info: Java HotSpot(TM) 64-Bit Server VM (25.66-b17) for bsd-amd64 JRE (1.8.0_66-b17), built on Oct  6 2015 16:09:13 by "java_re" with gcc 4.2.1 (Based on Apple Inc. build 5658) (LLVM build 2336.11.00)

time: Fri Feb  5 18:17:32 2016
elapsed time: 676 seconds (0d 0h 11m 16s)

