#
# A fatal error has been detected by the Java Runtime Environment:
#
#  SIGSEGV (0xb) at pc=0x00007fff89221f49, pid=577, tid=21259
#
# JRE version: Java(TM) SE Runtime Environment (8.0_66-b17) (build 1.8.0_66-b17)
# Java VM: Java HotSpot(TM) 64-Bit Server VM (25.66-b17 mixed mode bsd-amd64 compressed oops)
# Problematic frame:
# C  [libsystem_platform.dylib+0x4f49]  _platform_memmove$VARIANT$Haswell+0x29
#
# Failed to write core dump. Core dumps have been disabled. To enable core dumping, try "ulimit -c unlimited" before starting Java again
#
# If you would like to submit a bug report, please visit:
#   http://bugreport.java.com/bugreport/crash.jsp
# The crash happened outside the Java Virtual Machine in native code.
# See problematic frame for where to report the bug.
#

---------------  T H R E A D  ---------------

Current thread (0x00007fbe171b9800):  JavaThread "localhost-startStop-1" daemon [_thread_in_native, id=21259, stack(0x000070000114d000,0x000070000124d000)]

siginfo: si_signo: 11 (SIGSEGV), si_code: 1 (SEGV_MAPERR), si_addr: 0x0000000124754000

Registers:
RAX=0x00007fbe1b9a5400, RBX=0x0000000124752f7a, RCX=0x0000000000009151, RDX=0x000000000000a1a9
RSP=0x000070000124afe0, RBP=0x000070000124afe0, RSI=0x0000000124754000, RDI=0x00007fbe1b9a6458
R8 =0x00007fbe16fadc00, R9 =0x0000000000000003, R10=0x00000000181490dd, R11=0x00007fbcf7252458
R12=0x00000000000a0314, R13=0x000000000024000e, R14=0x0000000000080800, R15=0x000000000000483a
RIP=0x00007fff89221f49, EFLAGS=0x0000000000010206, ERR=0x0000000000000004
  TRAPNO=0x000000000000000e

Top of Stack: (sp=0x000070000124afe0)
0x000070000124afe0:   000070000124b050 000000010f0c802d
0x000070000124aff0:   0000003a00000000 0000000000000048
0x000070000124b000:   00000000000041b7 00007fbe1b9a5400
0x000070000124b010:   000000000000a1a9 00007fbe1801ad60
0x000070000124b020:   00007fbe13e76670 00007fbe1801ad60
0x000070000124b030:   00007fbe1801aee0 0000000000000170
0x000070000124b040:   00000000d63f7dea 00007fbe13e99e00
0x000070000124b050:   000070000124b0b0 000000010f0c8554
0x000070000124b060:   000070000124b0f3 000070000124b0f2
0x000070000124b070:   0000002300000000 00000024011b9800
0x000070000124b080:   000070000124b0ce 000070000124b518
0x000070000124b090:   0000000000000024 000070000124b0ce
0x000070000124b0a0:   00007fbe1801ad60 00007fbe171b99f8
0x000070000124b0b0:   000070000124b500 000000010f0c734f
0x000070000124b0c0:   0000000000000000 4557000000000001
0x000070000124b0d0:   696c2f464e492d42 79657372656a2f62
0x000070000124b0e0:   2d7265767265732d 6a2e312e32322e32
0x000070000124b0f0:   00007fbe18007261 00007fbe1588c2f0
0x000070000124b100:   000070000124b160 000000010e4b9329
0x000070000124b110:   0000000000000001 0000000000000010
0x000070000124b120:   000070000124b140 00007fff977040dc
0x000070000124b130:   000070000124b160 00007fbe18011e00
0x000070000124b140:   00007fbe1588c2f8 00007fbe13c02e80
0x000070000124b150:   00007fbe13f0b9e0 00000007c000e450
0x000070000124b160:   000070000124b260 000000010e4b9e8c
0x000070000124b170:   00007fbe13f0b970 00007fbe13f0a340
0x000070000124b180:   000000010f119af0 0000000000000000
0x000070000124b190:   0000000000000003 000000010f11a15b
0x000070000124b1a0:   0000000000000033 0000000781800ed0
0x000070000124b1b0:   000070000124b2b0 000000010e61a457
0x000070000124b1c0:   00000007ab1a8f00 00007fbe171b9800
0x000070000124b1d0:   00000007ab1a8f00 0000000000000001 

Instructions: (pc=0x00007fff89221f49)
0x00007fff89221f29:   f3 48 89 f8 49 39 d3 72 1b 48 83 fa 60 76 2f 48
0x00007fff89221f39:   81 fa 00 40 00 00 0f 82 bb 00 00 00 48 89 d1 fc
0x00007fff89221f49:   f3 a4 5d c3 48 39 fe 74 f9 48 01 d6 48 01 d7 48
0x00007fff89221f59:   83 fa 60 0f 82 5c 01 00 00 e9 79 01 00 00 48 83 

Register to memory mapping:

RAX=0x00007fbe1b9a5400 is an unknown value
RBX=0x0000000124752f7a is an unknown value
RCX=0x0000000000009151 is an unknown value
RDX=0x000000000000a1a9 is an unknown value
RSP=0x000070000124afe0 is pointing into the stack for thread: 0x00007fbe171b9800
RBP=0x000070000124afe0 is pointing into the stack for thread: 0x00007fbe171b9800
RSI=0x0000000124754000 is an unknown value
RDI=0x00007fbe1b9a6458 is an unknown value
R8 =0x00007fbe16fadc00 is an unknown value
R9 =0x0000000000000003 is an unknown value
R10=0x00000000181490dd is an unknown value
R11=0x00007fbcf7252458 is an unknown value
R12=0x00000000000a0314 is an unknown value
R13=0x000000000024000e is an unknown value
R14=0x0000000000080800 is an unknown value
R15=0x000000000000483a is an unknown value


Stack: [0x000070000114d000,0x000070000124d000],  sp=0x000070000124afe0,  free space=1015k
Native frames: (J=compiled Java code, j=interpreted, Vv=VM code, C=native code)
C  [libsystem_platform.dylib+0x4f49]  _platform_memmove$VARIANT$Haswell+0x29
C  [libzip.dylib+0x302d]  newEntry+0x2c8
C  [libzip.dylib+0x3554]  ZIP_GetEntry2+0xd4
C  [libzip.dylib+0x234f]  Java_java_util_zip_ZipFile_getEntry+0xcf
J 74  java.util.zip.ZipFile.getEntry(J[BZ)J (0 bytes) @ 0x000000010fb275ce [0x000000010fb27500+0xce]
J 2142 C2 java.util.zip.ZipFile.getEntry(Ljava/lang/String;)Ljava/util/zip/ZipEntry; (86 bytes) @ 0x00000001102be270 [0x00000001102bdf20+0x350]
J 2600 C1 sun.net.www.protocol.jar.URLJarFile.getEntry(Ljava/lang/String;)Ljava/util/zip/ZipEntry; (69 bytes) @ 0x0000000110371f34 [0x0000000110371e60+0xd4]
J 2555 C1 sun.net.www.protocol.jar.JarURLConnection.connect()V (147 bytes) @ 0x000000010fc0ff6c [0x000000010fc0fa20+0x54c]
j  org.apache.catalina.webresources.WarURLConnection.connect()V+11
j  org.apache.catalina.webresources.WarURLConnection.getInputStream()Ljava/io/InputStream;+1
j  sun.net.www.protocol.jar.URLJarFile.retrieve(Ljava/net/URL;Lsun/net/www/protocol/jar/URLJarFile$URLJarFileCloseController;)Ljava/util/jar/JarFile;+22
J 2651 C1 sun.net.www.protocol.jar.JarFileFactory.get(Ljava/net/URL;Z)Ljava/util/jar/JarFile; (139 bytes) @ 0x0000000110388a94 [0x0000000110387800+0x1294]
J 2555 C1 sun.net.www.protocol.jar.JarURLConnection.connect()V (147 bytes) @ 0x000000010fc0fca4 [0x000000010fc0fa20+0x284]
J 3393 C1 sun.net.www.protocol.jar.JarURLConnection.getInputStream()Ljava/io/InputStream; (97 bytes) @ 0x000000011053729c [0x0000000110537200+0x9c]
j  org.glassfish.jersey.internal.ServiceFinder.parse(Ljava/lang/String;Ljava/net/URL;Ljava/util/Set;)Ljava/util/Iterator;+28
j  org.glassfish.jersey.internal.ServiceFinder.access$400(Ljava/lang/String;Ljava/net/URL;Ljava/util/Set;)Ljava/util/Iterator;+3
j  org.glassfish.jersey.internal.ServiceFinder$AbstractLazyIterator.hasNext()Z+74
j  org.glassfish.jersey.internal.ServiceFinder.toClassArray()[Ljava/lang/Class;+34
j  org.glassfish.jersey.internal.ServiceFinderBinder.configure()V+49
j  org.glassfish.hk2.utilities.binding.AbstractBinder.bind(Lorg/glassfish/hk2/api/DynamicConfiguration;)V+37
j  org.glassfish.hk2.utilities.binding.AbstractBinder.install([Lorg/glassfish/hk2/utilities/Binder;)V+23
j  org.glassfish.jersey.server.ServerBinder.configure()V+223
j  org.glassfish.hk2.utilities.binding.AbstractBinder.bind(Lorg/glassfish/hk2/api/DynamicConfiguration;)V+37
j  org.glassfish.jersey.internal.inject.Injections.bind(Lorg/glassfish/hk2/api/ServiceLocator;Lorg/glassfish/hk2/utilities/Binder;)V+32
j  org.glassfish.jersey.internal.inject.Injections._createLocator(Ljava/lang/String;Lorg/glassfish/hk2/api/ServiceLocator;[Lorg/glassfish/hk2/utilities/Binder;)Lorg/glassfish/hk2/api/ServiceLocator;+52
j  org.glassfish.jersey.internal.inject.Injections.createLocator(Lorg/glassfish/hk2/api/ServiceLocator;[Lorg/glassfish/hk2/utilities/Binder;)Lorg/glassfish/hk2/api/ServiceLocator;+3
j  org.glassfish.jersey.server.ApplicationHandler.<init>(Ljavax/ws/rs/core/Application;Lorg/glassfish/hk2/utilities/Binder;Lorg/glassfish/hk2/api/ServiceLocator;)V+85
j  org.glassfish.jersey.servlet.WebComponent.<init>(Lorg/glassfish/jersey/servlet/WebConfig;Lorg/glassfish/jersey/server/ResourceConfig;)V+223
j  org.glassfish.jersey.servlet.ServletContainer.init(Lorg/glassfish/jersey/servlet/WebConfig;)V+10
j  org.glassfish.jersey.servlet.ServletContainer.init()V+9
j  javax.servlet.GenericServlet.init(Ljavax/servlet/ServletConfig;)V+6
j  org.apache.catalina.core.StandardWrapper.initServlet(Ljavax/servlet/Servlet;)V+89
j  org.apache.catalina.core.StandardWrapper.loadServlet()Ljavax/servlet/Servlet;+397
j  org.apache.catalina.core.StandardWrapper.load()V+2
j  org.apache.catalina.core.StandardContext.loadOnStartup([Lorg/apache/catalina/Container;)Z+157
j  org.apache.catalina.core.StandardContext.startInternal()V+1240
j  org.apache.catalina.util.LifecycleBase.start()V+210
j  org.apache.catalina.core.ContainerBase$StartChild.call()Ljava/lang/Void;+4
j  org.apache.catalina.core.ContainerBase$StartChild.call()Ljava/lang/Object;+1
J 2967 C1 java.util.concurrent.FutureTask.run()V (126 bytes) @ 0x0000000110448614 [0x00000001104483c0+0x254]
j  java.util.concurrent.ThreadPoolExecutor.runWorker(Ljava/util/concurrent/ThreadPoolExecutor$Worker;)V+95
j  java.util.concurrent.ThreadPoolExecutor$Worker.run()V+5
j  java.lang.Thread.run()V+11
v  ~StubRoutines::call_stub
V  [libjvm.dylib+0x2ea35e]  JavaCalls::call_helper(JavaValue*, methodHandle*, JavaCallArguments*, Thread*)+0x6ae
V  [libjvm.dylib+0x2eaaec]  JavaCalls::call_virtual(JavaValue*, KlassHandle, Symbol*, Symbol*, JavaCallArguments*, Thread*)+0x164
V  [libjvm.dylib+0x2eac98]  JavaCalls::call_virtual(JavaValue*, Handle, KlassHandle, Symbol*, Symbol*, Thread*)+0x4a
V  [libjvm.dylib+0x345215]  thread_entry(JavaThread*, Thread*)+0x7c
V  [libjvm.dylib+0x560b83]  JavaThread::thread_main_inner()+0x9b
V  [libjvm.dylib+0x56227e]  JavaThread::run()+0x1c2
V  [libjvm.dylib+0x482cd6]  java_start(Thread*)+0xf6
C  [libsystem_pthread.dylib+0x3c13]  _pthread_body+0x83
C  [libsystem_pthread.dylib+0x3b90]  _pthread_body+0x0
C  [libsystem_pthread.dylib+0x1375]  thread_start+0xd
C  0x0000000000000000

Java frames: (J=compiled Java code, j=interpreted, Vv=VM code)
J 74  java.util.zip.ZipFile.getEntry(J[BZ)J (0 bytes) @ 0x000000010fb27558 [0x000000010fb27500+0x58]
J 2142 C2 java.util.zip.ZipFile.getEntry(Ljava/lang/String;)Ljava/util/zip/ZipEntry; (86 bytes) @ 0x00000001102be270 [0x00000001102bdf20+0x350]
J 2600 C1 sun.net.www.protocol.jar.URLJarFile.getEntry(Ljava/lang/String;)Ljava/util/zip/ZipEntry; (69 bytes) @ 0x0000000110371f34 [0x0000000110371e60+0xd4]
J 2555 C1 sun.net.www.protocol.jar.JarURLConnection.connect()V (147 bytes) @ 0x000000010fc0ff6c [0x000000010fc0fa20+0x54c]
j  org.apache.catalina.webresources.WarURLConnection.connect()V+11
j  org.apache.catalina.webresources.WarURLConnection.getInputStream()Ljava/io/InputStream;+1
j  sun.net.www.protocol.jar.URLJarFile.retrieve(Ljava/net/URL;Lsun/net/www/protocol/jar/URLJarFile$URLJarFileCloseController;)Ljava/util/jar/JarFile;+22
J 2651 C1 sun.net.www.protocol.jar.JarFileFactory.get(Ljava/net/URL;Z)Ljava/util/jar/JarFile; (139 bytes) @ 0x0000000110388a94 [0x0000000110387800+0x1294]
J 2555 C1 sun.net.www.protocol.jar.JarURLConnection.connect()V (147 bytes) @ 0x000000010fc0fca4 [0x000000010fc0fa20+0x284]
J 3393 C1 sun.net.www.protocol.jar.JarURLConnection.getInputStream()Ljava/io/InputStream; (97 bytes) @ 0x000000011053729c [0x0000000110537200+0x9c]
j  org.glassfish.jersey.internal.ServiceFinder.parse(Ljava/lang/String;Ljava/net/URL;Ljava/util/Set;)Ljava/util/Iterator;+28
j  org.glassfish.jersey.internal.ServiceFinder.access$400(Ljava/lang/String;Ljava/net/URL;Ljava/util/Set;)Ljava/util/Iterator;+3
j  org.glassfish.jersey.internal.ServiceFinder$AbstractLazyIterator.hasNext()Z+74
j  org.glassfish.jersey.internal.ServiceFinder.toClassArray()[Ljava/lang/Class;+34
j  org.glassfish.jersey.internal.ServiceFinderBinder.configure()V+49
j  org.glassfish.hk2.utilities.binding.AbstractBinder.bind(Lorg/glassfish/hk2/api/DynamicConfiguration;)V+37
j  org.glassfish.hk2.utilities.binding.AbstractBinder.install([Lorg/glassfish/hk2/utilities/Binder;)V+23
j  org.glassfish.jersey.server.ServerBinder.configure()V+223
j  org.glassfish.hk2.utilities.binding.AbstractBinder.bind(Lorg/glassfish/hk2/api/DynamicConfiguration;)V+37
j  org.glassfish.jersey.internal.inject.Injections.bind(Lorg/glassfish/hk2/api/ServiceLocator;Lorg/glassfish/hk2/utilities/Binder;)V+32
j  org.glassfish.jersey.internal.inject.Injections._createLocator(Ljava/lang/String;Lorg/glassfish/hk2/api/ServiceLocator;[Lorg/glassfish/hk2/utilities/Binder;)Lorg/glassfish/hk2/api/ServiceLocator;+52
j  org.glassfish.jersey.internal.inject.Injections.createLocator(Lorg/glassfish/hk2/api/ServiceLocator;[Lorg/glassfish/hk2/utilities/Binder;)Lorg/glassfish/hk2/api/ServiceLocator;+3
j  org.glassfish.jersey.server.ApplicationHandler.<init>(Ljavax/ws/rs/core/Application;Lorg/glassfish/hk2/utilities/Binder;Lorg/glassfish/hk2/api/ServiceLocator;)V+85
j  org.glassfish.jersey.servlet.WebComponent.<init>(Lorg/glassfish/jersey/servlet/WebConfig;Lorg/glassfish/jersey/server/ResourceConfig;)V+223
j  org.glassfish.jersey.servlet.ServletContainer.init(Lorg/glassfish/jersey/servlet/WebConfig;)V+10
j  org.glassfish.jersey.servlet.ServletContainer.init()V+9
j  javax.servlet.GenericServlet.init(Ljavax/servlet/ServletConfig;)V+6
j  org.apache.catalina.core.StandardWrapper.initServlet(Ljavax/servlet/Servlet;)V+89
j  org.apache.catalina.core.StandardWrapper.loadServlet()Ljavax/servlet/Servlet;+397
j  org.apache.catalina.core.StandardWrapper.load()V+2
j  org.apache.catalina.core.StandardContext.loadOnStartup([Lorg/apache/catalina/Container;)Z+157
j  org.apache.catalina.core.StandardContext.startInternal()V+1240
j  org.apache.catalina.util.LifecycleBase.start()V+210
j  org.apache.catalina.core.ContainerBase$StartChild.call()Ljava/lang/Void;+4
j  org.apache.catalina.core.ContainerBase$StartChild.call()Ljava/lang/Object;+1
J 2967 C1 java.util.concurrent.FutureTask.run()V (126 bytes) @ 0x0000000110448614 [0x00000001104483c0+0x254]
j  java.util.concurrent.ThreadPoolExecutor.runWorker(Ljava/util/concurrent/ThreadPoolExecutor$Worker;)V+95
j  java.util.concurrent.ThreadPoolExecutor$Worker.run()V+5
j  java.lang.Thread.run()V+11
v  ~StubRoutines::call_stub

---------------  P R O C E S S  ---------------

Java Threads: ( => current thread )
=>0x00007fbe171b9800 JavaThread "localhost-startStop-1" daemon [_thread_in_native, id=21259, stack(0x000070000114d000,0x000070000124d000)]
  0x00007fbe1aa89800 JavaThread "Tomcat-startStop-1" daemon [_thread_blocked, id=19723, stack(0x000070000104a000,0x000070000114a000)]
  0x00007fbe1a8f3800 JavaThread "NioBlockingSelector.BlockPoller-2" daemon [_thread_in_native, id=21771, stack(0x0000700000932000,0x0000700000a32000)]
  0x00007fbe1503b800 JavaThread "Service Thread" daemon [_thread_blocked, id=18691, stack(0x0000700000e44000,0x0000700000f44000)]
  0x00007fbe15836800 JavaThread "C1 CompilerThread2" daemon [_thread_blocked, id=18179, stack(0x0000700000d41000,0x0000700000e41000)]
  0x00007fbe14825800 JavaThread "C2 CompilerThread1" daemon [_thread_blocked, id=17667, stack(0x0000700000c3e000,0x0000700000d3e000)]
  0x00007fbe1584a800 JavaThread "C2 CompilerThread0" daemon [_thread_blocked, id=17155, stack(0x0000700000b3b000,0x0000700000c3b000)]
  0x00007fbe14823000 JavaThread "Signal Dispatcher" daemon [_thread_blocked, id=13071, stack(0x0000700000a38000,0x0000700000b38000)]
  0x00007fbe15008000 JavaThread "Finalizer" daemon [_thread_blocked, id=12291, stack(0x000070000082f000,0x000070000092f000)]
  0x00007fbe15005000 JavaThread "Reference Handler" daemon [_thread_blocked, id=11779, stack(0x000070000072c000,0x000070000082c000)]
  0x00007fbe1400c000 JavaThread "main" [_thread_blocked, id=5891, stack(0x000070000011a000,0x000070000021a000)]

Other Threads:
  0x00007fbe1481f000 VMThread [stack: 0x0000700000629000,0x0000700000729000] [id=11267]
  0x00007fbe1500e000 WatcherThread [stack: 0x0000700000f47000,0x0000700001047000] [id=19203]

VM state:not at safepoint (normal execution)

VM Mutex/Monitor currently owned by a thread: None

Heap:
 PSYoungGen      total 116224K, used 23625K [0x00000007aab00000, 0x00000007b3d80000, 0x00000007c0000000)
  eden space 94720K, 7% used [0x00000007aab00000,0x00000007ab1ce2d8,0x00000007b0780000)
  from space 21504K, 77% used [0x00000007b2880000,0x00000007b38c44d8,0x00000007b3d80000)
  to   space 27648K, 0% used [0x00000007b0780000,0x00000007b0780000,0x00000007b2280000)
 ParOldGen       total 48640K, used 36063K [0x0000000780000000, 0x0000000782f80000, 0x00000007aab00000)
  object space 48640K, 74% used [0x0000000780000000,0x0000000782337e88,0x0000000782f80000)
 Metaspace       used 32349K, capacity 33006K, committed 33152K, reserved 1077248K
  class space    used 4048K, capacity 4360K, committed 4480K, reserved 1048576K

Card table byte_map: [0x000000011edc0000,0x000000011efc1000] byte_map_base: 0x000000011b1c0000

Marking Bits: (ParMarkBitMap*) 0x000000010e9cbe20
 Begin Bits: [0x000000011f117000, 0x0000000120117000)
 End Bits:   [0x0000000120117000, 0x0000000121117000)

Polling page: 0x000000010f0bb000

CodeCache: size=245760Kb used=11711Kb max_used=11726Kb free=234048Kb
 bounds [0x000000010fa00000, 0x00000001105b0000, 0x000000011ea00000]
 total_blobs=3612 nmethods=2935 adapters=590
 compilation: enabled

Compilation events (10 events):
Event: 7581.476 Thread 0x00007fbe15836800 3471       3       java.util.concurrent.atomic.AtomicLong::getAndIncrement (12 bytes)
Event: 7581.476 Thread 0x00007fbe15836800 nmethod 3471 0x000000010feb3890 code [0x000000010feb39e0, 0x000000010feb3b50]
Event: 7581.594 Thread 0x00007fbe1584a800 3472       4       sun.util.calendar.ZoneInfo::getOffsets (276 bytes)
Event: 7581.602 Thread 0x00007fbe1584a800 nmethod 3472 0x0000000110051950 code [0x0000000110051ae0, 0x0000000110051f88]
Event: 7581.987 Thread 0x00007fbe15836800 3473  s    1       org.glassfish.hk2.utilities.DescriptorImpl::getDescriptorType (5 bytes)
Event: 7581.988 Thread 0x00007fbe15836800 nmethod 3473 0x000000010fbcfd50 code [0x000000010fbcfea0, 0x000000010fbd0110]
Event: 7582.012 Thread 0x00007fbe14825800 3474       4       sun.util.calendar.Gregorian$Date::setNormalizedYear (7 bytes)
Event: 7582.012 Thread 0x00007fbe14825800 nmethod 3474 0x000000010fb79ed0 code [0x000000010fb7a020, 0x000000010fb7a098]
Event: 7582.171 Thread 0x00007fbe15836800 3475       3       sun.misc.CompoundEnumeration::hasMoreElements (5 bytes)
Event: 7582.171 Thread 0x00007fbe15836800 nmethod 3475 0x000000010fbcf9d0 code [0x000000010fbcfb40, 0x000000010fbcfcc8]

GC Heap History (10 events):
Event: 7573.200 GC heap before
{Heap before GC invocations=21 (full 1):
 PSYoungGen      total 116736K, used 113623K [0x00000007aab00000, 0x00000007b3800000, 0x00000007c0000000)
  eden space 101376K, 100% used [0x00000007aab00000,0x00000007b0e00000,0x00000007b0e00000)
  from space 15360K, 79% used [0x00000007b0e00000,0x00000007b19f5e38,0x00000007b1d00000)
  to   space 15872K, 0% used [0x00000007b2880000,0x00000007b2880000,0x00000007b3800000)
 ParOldGen       total 48640K, used 26717K [0x0000000780000000, 0x0000000782f80000, 0x00000007aab00000)
  object space 48640K, 54% used [0x0000000780000000,0x0000000781a17580,0x0000000782f80000)
 Metaspace       used 30360K, capacity 31054K, committed 31232K, reserved 1077248K
  class space    used 3739K, capacity 4072K, committed 4096K, reserved 1048576K
Event: 7573.258 GC heap after
Heap after GC invocations=21 (full 1):
 PSYoungGen      total 113664K, used 15870K [0x00000007aab00000, 0x00000007b3800000, 0x00000007c0000000)
  eden space 97792K, 0% used [0x00000007aab00000,0x00000007aab00000,0x00000007b0a80000)
  from space 15872K, 99% used [0x00000007b2880000,0x00000007b37ff838,0x00000007b3800000)
  to   space 18944K, 0% used [0x00000007b1300000,0x00000007b1300000,0x00000007b2580000)
 ParOldGen       total 48640K, used 29868K [0x0000000780000000, 0x0000000782f80000, 0x00000007aab00000)
  object space 48640K, 61% used [0x0000000780000000,0x0000000781d2b2b0,0x0000000782f80000)
 Metaspace       used 30360K, capacity 31054K, committed 31232K, reserved 1077248K
  class space    used 3739K, capacity 4072K, committed 4096K, reserved 1048576K
}
Event: 7574.727 GC heap before
{Heap before GC invocations=22 (full 1):
 PSYoungGen      total 113664K, used 113662K [0x00000007aab00000, 0x00000007b3800000, 0x00000007c0000000)
  eden space 97792K, 100% used [0x00000007aab00000,0x00000007b0a80000,0x00000007b0a80000)
  from space 15872K, 99% used [0x00000007b2880000,0x00000007b37ff838,0x00000007b3800000)
  to   space 18944K, 0% used [0x00000007b1300000,0x00000007b1300000,0x00000007b2580000)
 ParOldGen       total 48640K, used 29868K [0x0000000780000000, 0x0000000782f80000, 0x00000007aab00000)
  object space 48640K, 61% used [0x0000000780000000,0x0000000781d2b2b0,0x0000000782f80000)
 Metaspace       used 30366K, capacity 31054K, committed 31232K, reserved 1077248K
  class space    used 3739K, capacity 4072K, committed 4096K, reserved 1048576K
Event: 7574.763 GC heap after
Heap after GC invocations=22 (full 1):
 PSYoungGen      total 125440K, used 16989K [0x00000007aab00000, 0x00000007b4000000, 0x00000007c0000000)
  eden space 106496K, 0% used [0x00000007aab00000,0x00000007aab00000,0x00000007b1300000)
  from space 18944K, 89% used [0x00000007b1300000,0x00000007b23974d0,0x00000007b2580000)
  to   space 20992K, 0% used [0x00000007b2b80000,0x00000007b2b80000,0x00000007b4000000)
 ParOldGen       total 48640K, used 29892K [0x0000000780000000, 0x0000000782f80000, 0x00000007aab00000)
  object space 48640K, 61% used [0x0000000780000000,0x0000000781d312b0,0x0000000782f80000)
 Metaspace       used 30366K, capacity 31054K, committed 31232K, reserved 1077248K
  class space    used 3739K, capacity 4072K, committed 4096K, reserved 1048576K
}
Event: 7578.271 GC heap before
{Heap before GC invocations=23 (full 1):
 PSYoungGen      total 125440K, used 123485K [0x00000007aab00000, 0x00000007b4000000, 0x00000007c0000000)
  eden space 106496K, 100% used [0x00000007aab00000,0x00000007b1300000,0x00000007b1300000)
  from space 18944K, 89% used [0x00000007b1300000,0x00000007b23974d0,0x00000007b2580000)
  to   space 20992K, 0% used [0x00000007b2b80000,0x00000007b2b80000,0x00000007b4000000)
 ParOldGen       total 48640K, used 29892K [0x0000000780000000, 0x0000000782f80000, 0x00000007aab00000)
  object space 48640K, 61% used [0x0000000780000000,0x0000000781d312b0,0x0000000782f80000)
 Metaspace       used 30366K, capacity 31054K, committed 31232K, reserved 1077248K
  class space    used 3739K, capacity 4072K, committed 4096K, reserved 1048576K
Event: 7578.284 GC heap after
Heap after GC invocations=23 (full 1):
 PSYoungGen      total 123392K, used 20983K [0x00000007aab00000, 0x00000007b4000000, 0x00000007c0000000)
  eden space 102400K, 0% used [0x00000007aab00000,0x00000007aab00000,0x00000007b0f00000)
  from space 20992K, 99% used [0x00000007b2b80000,0x00000007b3ffddc0,0x00000007b4000000)
  to   space 24064K, 0% used [0x00000007b1100000,0x00000007b1100000,0x00000007b2880000)
 ParOldGen       total 48640K, used 30676K [0x0000000780000000, 0x0000000782f80000, 0x00000007aab00000)
  object space 48640K, 63% used [0x0000000780000000,0x0000000781df50d8,0x0000000782f80000)
 Metaspace       used 30366K, capacity 31054K, committed 31232K, reserved 1077248K
  class space    used 3739K, capacity 4072K, committed 4096K, reserved 1048576K
}
Event: 7580.856 GC heap before
{Heap before GC invocations=24 (full 1):
 PSYoungGen      total 123392K, used 123383K [0x00000007aab00000, 0x00000007b4000000, 0x00000007c0000000)
  eden space 102400K, 100% used [0x00000007aab00000,0x00000007b0f00000,0x00000007b0f00000)
  from space 20992K, 99% used [0x00000007b2b80000,0x00000007b3ffddc0,0x00000007b4000000)
  to   space 24064K, 0% used [0x00000007b1100000,0x00000007b1100000,0x00000007b2880000)
 ParOldGen       total 48640K, used 30676K [0x0000000780000000, 0x0000000782f80000, 0x00000007aab00000)
  object space 48640K, 63% used [0x0000000780000000,0x0000000781df50d8,0x0000000782f80000)
 Metaspace       used 31867K, capacity 32526K, committed 32768K, reserved 1077248K
  class space    used 3958K, capacity 4264K, committed 4352K, reserved 1048576K
Event: 7580.876 GC heap after
Heap after GC invocations=24 (full 1):
 PSYoungGen      total 122368K, used 24060K [0x00000007aab00000, 0x00000007b4100000, 0x00000007c0000000)
  eden space 98304K, 0% used [0x00000007aab00000,0x00000007aab00000,0x00000007b0b00000)
  from space 24064K, 99% used [0x00000007b1100000,0x00000007b287f230,0x00000007b2880000)
  to   space 25088K, 0% used [0x00000007b2880000,0x00000007b2880000,0x00000007b4100000)
 ParOldGen       total 48640K, used 32432K [0x0000000780000000, 0x0000000782f80000, 0x00000007aab00000)
  object space 48640K, 66% used [0x0000000780000000,0x0000000781fac290,0x0000000782f80000)
 Metaspace       used 31867K, capacity 32526K, committed 32768K, reserved 1077248K
  class space    used 3958K, capacity 4264K, committed 4352K, reserved 1048576K
}
Event: 7582.081 GC heap before
{Heap before GC invocations=25 (full 1):
 PSYoungGen      total 122368K, used 122364K [0x00000007aab00000, 0x00000007b4100000, 0x00000007c0000000)
  eden space 98304K, 100% used [0x00000007aab00000,0x00000007b0b00000,0x00000007b0b00000)
  from space 24064K, 99% used [0x00000007b1100000,0x00000007b287f230,0x00000007b2880000)
  to   space 25088K, 0% used [0x00000007b2880000,0x00000007b2880000,0x00000007b4100000)
 ParOldGen       total 48640K, used 32432K [0x0000000780000000, 0x0000000782f80000, 0x00000007aab00000)
  object space 48640K, 66% used [0x0000000780000000,0x0000000781fac290,0x0000000782f80000)
 Metaspace       used 32335K, capacity 33006K, committed 33152K, reserved 1077248K
  class space    used 4045K, capacity 4360K, committed 4480K, reserved 1048576K
Event: 7582.093 GC heap after
Heap after GC invocations=25 (full 1):
 PSYoungGen      total 116224K, used 16657K [0x00000007aab00000, 0x00000007b3d80000, 0x00000007c0000000)
  eden space 94720K, 0% used [0x00000007aab00000,0x00000007aab00000,0x00000007b0780000)
  from space 21504K, 77% used [0x00000007b2880000,0x00000007b38c44d8,0x00000007b3d80000)
  to   space 27648K, 0% used [0x00000007b0780000,0x00000007b0780000,0x00000007b2280000)
 ParOldGen       total 48640K, used 36063K [0x0000000780000000, 0x0000000782f80000, 0x00000007aab00000)
  object space 48640K, 74% used [0x0000000780000000,0x0000000782337e88,0x0000000782f80000)
 Metaspace       used 32335K, capacity 33006K, committed 33152K, reserved 1077248K
  class space    used 4045K, capacity 4360K, committed 4480K, reserved 1048576K
}

Deoptimization events (10 events):
Event: 7435.249 Thread 0x00007fbe17855800 Uncommon trap: reason=unstable_if action=reinterpret pc=0x0000000110108338 method=org.apache.tomcat.util.net.NioBlockingSelector$BlockPoller.events()Z @ 11
Event: 7435.249 Thread 0x00007fbe17855800 Uncommon trap: reason=unstable_if action=reinterpret pc=0x0000000110108858 method=org.apache.tomcat.util.collections.SynchronizedQueue.poll()Ljava/lang/Object; @ 8
Event: 7438.342 Thread 0x00007fbe17cf3000 Uncommon trap: reason=class_check action=maybe_recompile pc=0x00000001104a8538 method=org.apache.catalina.webresources.StandardRoot.getResourceInternal(Ljava/lang/String;Z)Lorg/apache/catalina/WebResource; @ 78
Event: 7457.657 Thread 0x00007fbe1aa89800 Uncommon trap: reason=class_check action=maybe_recompile pc=0x00000001104a8538 method=org.apache.catalina.webresources.StandardRoot.getResourceInternal(Ljava/lang/String;Z)Lorg/apache/catalina/WebResource; @ 78
Event: 7518.410 Thread 0x00007fbe1a8fa800 Uncommon trap: reason=unstable_if action=reinterpret pc=0x000000010fb6ba9c method=sun.nio.ch.SelectorImpl.processDeregisterQueue()V @ 15
Event: 7519.410 Thread 0x00007fbe1a8fa800 Uncommon trap: reason=unstable_if action=reinterpret pc=0x00000001102588a4 method=java.util.HashMap$HashIterator.<init>(Ljava/util/HashMap;)V @ 45
Event: 7520.413 Thread 0x00007fbe1a8fa800 Uncommon trap: reason=unstable_if action=reinterpret pc=0x000000010fb00030 method=java.util.HashMap$HashIterator.<init>(Ljava/util/HashMap;)V @ 45
Event: 7571.871 Thread 0x00007fbe1400c000 Uncommon trap: reason=unstable_if action=reinterpret pc=0x000000011022ea38 method=org.apache.tomcat.util.IntrospectionUtils.setProperty(Ljava/lang/Object;Ljava/lang/String;Ljava/lang/String;Z)Z @ 528
Event: 7571.910 Thread 0x00007fbe1a8f3800 Uncommon trap: reason=unstable_if action=reinterpret pc=0x0000000110199d5c method=java.nio.channels.spi.AbstractSelector.begin()V @ 4
Event: 7579.317 Thread 0x00007fbe171b9800 Uncommon trap: reason=null_check action=make_not_entrant pc=0x0000000110085610 method=java.lang.Class.reflectionData()Ljava/lang/Class$ReflectionData; @ 24

Internal exceptions (10 events):
Event: 27.593 Thread 0x00007fbe1400c000 Exception <a 'java/lang/ClassNotFoundException': [Lorg/apache/catalina/Container;BeanInfo> (0x00000007abe2f040) thrown at [/HUDSON3/workspace/8-2-build-macosx-x86_64/jdk8u66/4988/hotspot/src/share/vm/prims/jni.cpp, line 735]
Event: 27.593 Thread 0x00007fbe1400c000 Exception <a 'java/lang/ClassNotFoundException': [Lorg/apache/catalina/Container;Customizer> (0x00000007abe2f748) thrown at [/HUDSON3/workspace/8-2-build-macosx-x86_64/jdk8u66/4988/hotspot/src/share/vm/prims/jni.cpp, line 735]
Event: 27.593 Thread 0x00007fbe1400c000 Exception <a 'java/lang/ClassNotFoundException': [Lorg/apache/catalina/Container;Customizer> (0x00000007abe2fbc0) thrown at [/HUDSON3/workspace/8-2-build-macosx-x86_64/jdk8u66/4988/hotspot/src/share/vm/prims/jni.cpp, line 735]
Event: 27.593 Thread 0x00007fbe1400c000 Exception <a 'java/lang/ClassNotFoundException': [Lorg/apache/catalina/Container;Customizer> (0x00000007abe30038) thrown at [/HUDSON3/workspace/8-2-build-macosx-x86_64/jdk8u66/4988/hotspot/src/share/vm/prims/jni.cpp, line 735]
Event: 27.606 Thread 0x00007fbe1400c000 Exception <a 'java/lang/ClassNotFoundException': groovy/json/JsonBuilderBeanInfo> (0x00000007abe661f0) thrown at [/HUDSON3/workspace/8-2-build-macosx-x86_64/jdk8u66/4988/hotspot/src/share/vm/classfile/systemDictionary.cpp, line 210]
Event: 27.608 Thread 0x00007fbe1400c000 Exception <a 'java/lang/ClassNotFoundException': groovy/json/JsonBuilderCustomizer> (0x00000007abe6a998) thrown at [/HUDSON3/workspace/8-2-build-macosx-x86_64/jdk8u66/4988/hotspot/src/share/vm/classfile/systemDictionary.cpp, line 210]
Event: 27.614 Thread 0x00007fbe1400c000 Exception <a 'java/lang/ClassNotFoundException': org/akhikhl/gretty/ServerStartEventBeanInfo> (0x00000007abe87690) thrown at [/HUDSON3/workspace/8-2-build-macosx-x86_64/jdk8u66/4988/hotspot/src/share/vm/classfile/systemDictionary.cpp, line 210]
Event: 27.615 Thread 0x00007fbe1400c000 Exception <a 'java/lang/ClassNotFoundException': org/akhikhl/gretty/ServerStartEventCustomizer> (0x00000007abe8cbb0) thrown at [/HUDSON3/workspace/8-2-build-macosx-x86_64/jdk8u66/4988/hotspot/src/share/vm/classfile/systemDictionary.cpp, line 210]
Event: 7579.317 Thread 0x00007fbe171b9800 Implicit null exception at 0x0000000110085162 to 0x00000001100855fd
Event: 7579.725 Thread 0x00007fbe171b9800 Exception <a 'java/io/FileNotFoundException'> (0x00000007ade00238) thrown at [/HUDSON3/workspace/8-2-build-macosx-x86_64/jdk8u66/4988/hotspot/src/share/vm/prims/jni.cpp, line 709]

Events (10 events):
Event: 7582.115 loading class org/glassfish/jersey/server/wadl/processor/OptionsMethodProcessor
Event: 7582.115 loading class org/glassfish/jersey/server/wadl/processor/OptionsMethodProcessor done
Event: 7582.140 loading class org/glassfish/jersey/server/model/ModelProcessor
Event: 7582.140 loading class org/glassfish/jersey/server/model/ModelProcessor done
Event: 7582.159 loading class org/glassfish/jersey/server/internal/JerseyResourceContext
Event: 7582.159 loading class org/glassfish/jersey/server/internal/JerseyResourceContext done
Event: 7582.167 loading class org/glassfish/jersey/server/ExtendedResourceContext
Event: 7582.167 loading class org/glassfish/jersey/server/ExtendedResourceContext done
Event: 7582.171 loading class javax/ws/rs/container/ResourceContext
Event: 7582.171 loading class javax/ws/rs/container/ResourceContext done


Dynamic libraries:
0x0000000008d6e000 	/System/Library/Frameworks/Cocoa.framework/Versions/A/Cocoa
0x0000000008d6e000 	/System/Library/Frameworks/Security.framework/Versions/A/Security
0x0000000008d6e000 	/System/Library/Frameworks/ApplicationServices.framework/Versions/A/ApplicationServices
0x0000000008d6e000 	/usr/lib/libz.1.dylib
0x0000000008d6e000 	/usr/lib/libSystem.B.dylib
0x0000000008d6e000 	/usr/lib/libobjc.A.dylib
0x0000000008d6e000 	/System/Library/Frameworks/CoreFoundation.framework/Versions/A/CoreFoundation
0x0000000008d6e000 	/System/Library/Frameworks/Foundation.framework/Versions/C/Foundation
0x0000000008d6e000 	/System/Library/Frameworks/AppKit.framework/Versions/C/AppKit
0x0000000008d6e000 	/System/Library/Frameworks/CoreData.framework/Versions/A/CoreData
0x0000000008d6e000 	/System/Library/PrivateFrameworks/RemoteViewServices.framework/Versions/A/RemoteViewServices
0x0000000008d6e000 	/System/Library/PrivateFrameworks/UIFoundation.framework/Versions/A/UIFoundation
0x0000000008d6e000 	/usr/lib/libScreenReader.dylib
0x0000000008d6e000 	/System/Library/Frameworks/Accelerate.framework/Versions/A/Accelerate
0x0000000008d6e000 	/System/Library/Frameworks/IOSurface.framework/Versions/A/IOSurface
0x0000000008d6e000 	/System/Library/Frameworks/AudioToolbox.framework/Versions/A/AudioToolbox
0x0000000008d6e000 	/System/Library/Frameworks/AudioUnit.framework/Versions/A/AudioUnit
0x0000000008d6e000 	/System/Library/PrivateFrameworks/DataDetectorsCore.framework/Versions/A/DataDetectorsCore
0x0000000008d6e000 	/System/Library/PrivateFrameworks/DesktopServicesPriv.framework/Versions/A/DesktopServicesPriv
0x0000000008d6e000 	/System/Library/Frameworks/Carbon.framework/Versions/A/Frameworks/HIToolbox.framework/Versions/A/HIToolbox
0x0000000008d6e000 	/System/Library/Frameworks/QuartzCore.framework/Versions/A/QuartzCore
0x0000000008d6e000 	/System/Library/Frameworks/Carbon.framework/Versions/A/Frameworks/SpeechRecognition.framework/Versions/A/SpeechRecognition
0x0000000008d6e000 	/usr/lib/libauto.dylib
0x0000000008d6e000 	/usr/lib/libicucore.A.dylib
0x0000000008d6e000 	/usr/lib/libxml2.2.dylib
0x0000000008d6e000 	/System/Library/PrivateFrameworks/CoreUI.framework/Versions/A/CoreUI
0x0000000008d6e000 	/System/Library/Frameworks/CoreAudio.framework/Versions/A/CoreAudio
0x0000000008d6e000 	/System/Library/Frameworks/DiskArbitration.framework/Versions/A/DiskArbitration
0x0000000008d6e000 	/usr/lib/liblangid.dylib
0x0000000008d6e000 	/System/Library/PrivateFrameworks/MultitouchSupport.framework/Versions/A/MultitouchSupport
0x0000000008d6e000 	/System/Library/Frameworks/IOKit.framework/Versions/A/IOKit
0x0000000008d6e000 	/usr/lib/libDiagnosticMessagesClient.dylib
0x0000000008d6e000 	/System/Library/Frameworks/CoreServices.framework/Versions/A/CoreServices
0x0000000008d6e000 	/System/Library/PrivateFrameworks/PerformanceAnalysis.framework/Versions/A/PerformanceAnalysis
0x0000000008d6e000 	/System/Library/PrivateFrameworks/GenerationalStorage.framework/Versions/A/GenerationalStorage
0x0000000008d6e000 	/System/Library/Frameworks/OpenGL.framework/Versions/A/OpenGL
0x0000000008d6e000 	/System/Library/PrivateFrameworks/Sharing.framework/Versions/A/Sharing
0x0000000008d6e000 	/System/Library/Frameworks/CoreGraphics.framework/Versions/A/CoreGraphics
0x0000000008d6e000 	/System/Library/Frameworks/CoreImage.framework/Versions/A/CoreImage
0x0000000008d6e000 	/System/Library/Frameworks/CoreText.framework/Versions/A/CoreText
0x0000000008d6e000 	/System/Library/Frameworks/ImageIO.framework/Versions/A/ImageIO
0x0000000008d6e000 	/System/Library/PrivateFrameworks/Backup.framework/Versions/A/Backup
0x0000000008d6e000 	/usr/lib/libextension.dylib
0x0000000008d6e000 	/usr/lib/libarchive.2.dylib
0x0000000008d6e000 	/System/Library/Frameworks/CFNetwork.framework/Versions/A/CFNetwork
0x0000000008d6e000 	/System/Library/Frameworks/SystemConfiguration.framework/Versions/A/SystemConfiguration
0x0000000008d6e000 	/usr/lib/libCRFSuite.dylib
0x0000000008d6e000 	/usr/lib/libc++.1.dylib
0x0000000008d6e000 	/usr/lib/libc++abi.dylib
0x0000000008d6e000 	/usr/lib/system/libcache.dylib
0x0000000008d6e000 	/usr/lib/system/libcommonCrypto.dylib
0x0000000008d6e000 	/usr/lib/system/libcompiler_rt.dylib
0x0000000008d6e000 	/usr/lib/system/libcopyfile.dylib
0x0000000008d6e000 	/usr/lib/system/libcorecrypto.dylib
0x0000000008d6e000 	/usr/lib/system/libdispatch.dylib
0x0000000008d6e000 	/usr/lib/system/libdyld.dylib
0x0000000008d6e000 	/usr/lib/system/libkeymgr.dylib
0x0000000008d6e000 	/usr/lib/system/liblaunch.dylib
0x0000000008d6e000 	/usr/lib/system/libmacho.dylib
0x0000000008d6e000 	/usr/lib/system/libquarantine.dylib
0x0000000008d6e000 	/usr/lib/system/libremovefile.dylib
0x0000000008d6e000 	/usr/lib/system/libsystem_asl.dylib
0x0000000008d6e000 	/usr/lib/system/libsystem_blocks.dylib
0x0000000008d6e000 	/usr/lib/system/libsystem_c.dylib
0x0000000008d6e000 	/usr/lib/system/libsystem_configuration.dylib
0x0000000008d6e000 	/usr/lib/system/libsystem_coreservices.dylib
0x0000000008d6e000 	/usr/lib/system/libsystem_coretls.dylib
0x0000000008d6e000 	/usr/lib/system/libsystem_dnssd.dylib
0x0000000008d6e000 	/usr/lib/system/libsystem_info.dylib
0x0000000008d6e000 	/usr/lib/system/libsystem_kernel.dylib
0x0000000008d6e000 	/usr/lib/system/libsystem_m.dylib
0x0000000008d6e000 	/usr/lib/system/libsystem_malloc.dylib
0x0000000008d6e000 	/usr/lib/system/libsystem_network.dylib
0x0000000008d6e000 	/usr/lib/system/libsystem_networkextension.dylib
0x0000000008d6e000 	/usr/lib/system/libsystem_notify.dylib
0x0000000008d6e000 	/usr/lib/system/libsystem_platform.dylib
0x0000000008d6e000 	/usr/lib/system/libsystem_pthread.dylib
0x0000000008d6e000 	/usr/lib/system/libsystem_sandbox.dylib
0x0000000008d6e000 	/usr/lib/system/libsystem_secinit.dylib
0x0000000008d6e000 	/usr/lib/system/libsystem_trace.dylib
0x0000000008d6e000 	/usr/lib/system/libunc.dylib
0x0000000008d6e000 	/usr/lib/system/libunwind.dylib
0x0000000008d6e000 	/usr/lib/system/libxpc.dylib
0x0000000008d6e000 	/usr/lib/libenergytrace.dylib
0x0000000008d6e000 	/usr/lib/libbsm.0.dylib
0x0000000008d6e000 	/usr/lib/system/libkxld.dylib
0x0000000008d6e000 	/usr/lib/libxar.1.dylib
0x0000000008d6e000 	/usr/lib/libsqlite3.dylib
0x0000000008d6e000 	/usr/lib/libpam.2.dylib
0x0000000008d6e000 	/usr/lib/libOpenScriptingUtil.dylib
0x0000000008d6e000 	/usr/lib/libbz2.1.0.dylib
0x0000000008d6e000 	/usr/lib/liblzma.5.dylib
0x0000000008d6e000 	/System/Library/Frameworks/CoreServices.framework/Versions/A/Frameworks/FSEvents.framework/Versions/A/FSEvents
0x0000000008d6e000 	/System/Library/Frameworks/CoreServices.framework/Versions/A/Frameworks/CarbonCore.framework/Versions/A/CarbonCore
0x0000000008d6e000 	/System/Library/Frameworks/CoreServices.framework/Versions/A/Frameworks/Metadata.framework/Versions/A/Metadata
0x0000000008d6e000 	/System/Library/Frameworks/CoreServices.framework/Versions/A/Frameworks/OSServices.framework/Versions/A/OSServices
0x0000000008d6e000 	/System/Library/Frameworks/CoreServices.framework/Versions/A/Frameworks/SearchKit.framework/Versions/A/SearchKit
0x0000000008d6e000 	/System/Library/Frameworks/CoreServices.framework/Versions/A/Frameworks/AE.framework/Versions/A/AE
0x0000000008d6e000 	/System/Library/Frameworks/CoreServices.framework/Versions/A/Frameworks/LaunchServices.framework/Versions/A/LaunchServices
0x0000000008d6e000 	/System/Library/Frameworks/CoreServices.framework/Versions/A/Frameworks/DictionaryServices.framework/Versions/A/DictionaryServices
0x0000000008d6e000 	/System/Library/Frameworks/CoreServices.framework/Versions/A/Frameworks/SharedFileList.framework/Versions/A/SharedFileList
0x0000000008d6e000 	/System/Library/Frameworks/NetFS.framework/Versions/A/NetFS
0x0000000008d6e000 	/System/Library/PrivateFrameworks/NetAuth.framework/Versions/A/NetAuth
0x0000000008d6e000 	/System/Library/PrivateFrameworks/login.framework/Versions/A/Frameworks/loginsupport.framework/Versions/A/loginsupport
0x0000000008d6e000 	/System/Library/PrivateFrameworks/TCC.framework/Versions/A/TCC
0x0000000008d6e000 	/usr/lib/libmecabra.dylib
0x0000000008d6e000 	/System/Library/Frameworks/ApplicationServices.framework/Versions/A/Frameworks/ATS.framework/Versions/A/ATS
0x0000000008d6e000 	/System/Library/Frameworks/ApplicationServices.framework/Versions/A/Frameworks/ColorSync.framework/Versions/A/ColorSync
0x0000000008d6e000 	/System/Library/Frameworks/ApplicationServices.framework/Versions/A/Frameworks/HIServices.framework/Versions/A/HIServices
0x0000000008d6e000 	/System/Library/Frameworks/ApplicationServices.framework/Versions/A/Frameworks/LangAnalysis.framework/Versions/A/LangAnalysis
0x0000000008d6e000 	/System/Library/Frameworks/ApplicationServices.framework/Versions/A/Frameworks/PrintCore.framework/Versions/A/PrintCore
0x0000000008d6e000 	/System/Library/Frameworks/ApplicationServices.framework/Versions/A/Frameworks/QD.framework/Versions/A/QD
0x0000000008d6e000 	/System/Library/Frameworks/ApplicationServices.framework/Versions/A/Frameworks/SpeechSynthesis.framework/Versions/A/SpeechSynthesis
0x0000000008d6e000 	/System/Library/Frameworks/Metal.framework/Versions/A/Metal
0x0000000008d6e000 	/System/Library/Frameworks/Accelerate.framework/Versions/A/Frameworks/vImage.framework/Versions/A/vImage
0x0000000008d6e000 	/System/Library/Frameworks/Accelerate.framework/Versions/A/Frameworks/vecLib.framework/Versions/A/vecLib
0x0000000008d6e000 	/System/Library/Frameworks/Accelerate.framework/Versions/A/Frameworks/vecLib.framework/Versions/A/libvDSP.dylib
0x0000000008d6e000 	/System/Library/Frameworks/Accelerate.framework/Versions/A/Frameworks/vecLib.framework/Versions/A/libvMisc.dylib
0x0000000008d6e000 	/System/Library/Frameworks/Accelerate.framework/Versions/A/Frameworks/vecLib.framework/Versions/A/libLAPACK.dylib
0x0000000008d6e000 	/System/Library/Frameworks/Accelerate.framework/Versions/A/Frameworks/vecLib.framework/Versions/A/libBLAS.dylib
0x0000000008d6e000 	/System/Library/Frameworks/Accelerate.framework/Versions/A/Frameworks/vecLib.framework/Versions/A/libLinearAlgebra.dylib
0x0000000008d6e000 	/System/Library/Frameworks/Accelerate.framework/Versions/A/Frameworks/vecLib.framework/Versions/A/libSparseBLAS.dylib
0x0000000008d6e000 	/System/Library/PrivateFrameworks/GPUCompiler.framework/libmetal_timestamp.dylib
0x0000000008d6e000 	/System/Library/Frameworks/OpenGL.framework/Versions/A/Libraries/libCoreFSCache.dylib
0x0000000008d6e000 	/System/Library/PrivateFrameworks/IOAccelerator.framework/Versions/A/IOAccelerator
0x0000000008d6e000 	/System/Library/Frameworks/ApplicationServices.framework/Versions/A/Frameworks/ATS.framework/Versions/A/Resources/libFontParser.dylib
0x0000000008d6e000 	/System/Library/Frameworks/ApplicationServices.framework/Versions/A/Frameworks/ATS.framework/Versions/A/Resources/libFontRegistry.dylib
0x0000000008d6e000 	/System/Library/PrivateFrameworks/AppleVPA.framework/Versions/A/AppleVPA
0x0000000008d6e000 	/System/Library/PrivateFrameworks/AppleJPEG.framework/Versions/A/AppleJPEG
0x0000000008d6e000 	/System/Library/Frameworks/ImageIO.framework/Versions/A/Resources/libJPEG.dylib
0x0000000008d6e000 	/System/Library/Frameworks/ImageIO.framework/Versions/A/Resources/libTIFF.dylib
0x0000000008d6e000 	/System/Library/Frameworks/ImageIO.framework/Versions/A/Resources/libPng.dylib
0x0000000008d6e000 	/System/Library/Frameworks/ImageIO.framework/Versions/A/Resources/libGIF.dylib
0x0000000008d6e000 	/System/Library/Frameworks/ImageIO.framework/Versions/A/Resources/libJP2.dylib
0x0000000008d6e000 	/System/Library/Frameworks/ImageIO.framework/Versions/A/Resources/libRadiance.dylib
0x0000000008d6e000 	/System/Library/Frameworks/CoreVideo.framework/Versions/A/CoreVideo
0x0000000008d6e000 	/System/Library/Frameworks/OpenGL.framework/Versions/A/Libraries/libGLU.dylib
0x0000000008d6e000 	/System/Library/Frameworks/OpenGL.framework/Versions/A/Libraries/libGFXShared.dylib
0x0000000008d6e000 	/System/Library/Frameworks/OpenGL.framework/Versions/A/Libraries/libGL.dylib
0x0000000008d6e000 	/System/Library/Frameworks/OpenGL.framework/Versions/A/Libraries/libGLImage.dylib
0x0000000008d6e000 	/System/Library/Frameworks/OpenGL.framework/Versions/A/Libraries/libCVMSPluginSupport.dylib
0x0000000008d6e000 	/System/Library/Frameworks/OpenGL.framework/Versions/A/Libraries/libCoreVMClient.dylib
0x0000000008d6e000 	/usr/lib/libcups.2.dylib
0x0000000008d6e000 	/System/Library/Frameworks/Kerberos.framework/Versions/A/Kerberos
0x0000000008d6e000 	/System/Library/Frameworks/GSS.framework/Versions/A/GSS
0x0000000008d6e000 	/usr/lib/libresolv.9.dylib
0x0000000008d6e000 	/usr/lib/libiconv.2.dylib
0x0000000008d6e000 	/System/Library/PrivateFrameworks/Heimdal.framework/Versions/A/Heimdal
0x0000000008d6e000 	/usr/lib/libheimdal-asn1.dylib
0x0000000008d6e000 	/System/Library/Frameworks/OpenDirectory.framework/Versions/A/OpenDirectory
0x0000000008d6e000 	/System/Library/PrivateFrameworks/CommonAuth.framework/Versions/A/CommonAuth
0x0000000008d6e000 	/System/Library/Frameworks/OpenDirectory.framework/Versions/A/Frameworks/CFOpenDirectory.framework/Versions/A/CFOpenDirectory
0x0000000008d6e000 	/System/Library/Frameworks/SecurityFoundation.framework/Versions/A/SecurityFoundation
0x0000000008d6e000 	/System/Library/PrivateFrameworks/LanguageModeling.framework/Versions/A/LanguageModeling
0x0000000008d6e000 	/usr/lib/libmarisa.dylib
0x0000000008d6e000 	/usr/lib/libChineseTokenizer.dylib
0x0000000008d6e000 	/usr/lib/libcmph.dylib
0x0000000008d6e000 	/usr/lib/libcompression.dylib
0x0000000008d6e000 	/System/Library/Frameworks/ServiceManagement.framework/Versions/A/ServiceManagement
0x0000000008d6e000 	/usr/lib/libxslt.1.dylib
0x0000000008d6e000 	/System/Library/Frameworks/Carbon.framework/Versions/A/Frameworks/Ink.framework/Versions/A/Ink
0x0000000008d6e000 	/usr/lib/libFosl_dynamic.dylib
0x0000000008d6e000 	/System/Library/PrivateFrameworks/FaceCore.framework/Versions/A/FaceCore
0x0000000008d6e000 	/System/Library/Frameworks/OpenCL.framework/Versions/A/OpenCL
0x0000000008d6e000 	/System/Library/PrivateFrameworks/CrashReporterSupport.framework/Versions/A/CrashReporterSupport
0x0000000008d6e000 	/System/Library/PrivateFrameworks/IconServices.framework/Versions/A/IconServices
0x0000000008d6e000 	/System/Library/PrivateFrameworks/Apple80211.framework/Versions/A/Apple80211
0x0000000008d6e000 	/System/Library/Frameworks/CoreWLAN.framework/Versions/A/CoreWLAN
0x0000000008d6e000 	/System/Library/Frameworks/IOBluetooth.framework/Versions/A/IOBluetooth
0x0000000008d6e000 	/System/Library/PrivateFrameworks/CoreWiFi.framework/Versions/A/CoreWiFi
0x0000000008d6e000 	/System/Library/Frameworks/CoreBluetooth.framework/Versions/A/CoreBluetooth
0x0000000008d6e000 	/System/Library/PrivateFrameworks/ChunkingLibrary.framework/Versions/A/ChunkingLibrary
0x0000000008d6e000 	/System/Library/PrivateFrameworks/DebugSymbols.framework/Versions/A/DebugSymbols
0x0000000008d6e000 	/System/Library/PrivateFrameworks/CoreSymbolication.framework/Versions/A/CoreSymbolication
0x0000000008d6e000 	/System/Library/PrivateFrameworks/Symbolication.framework/Versions/A/Symbolication
0x0000000008d6e000 	/System/Library/PrivateFrameworks/SpeechRecognitionCore.framework/Versions/A/SpeechRecognitionCore
0x000000010e0ee000 	/Library/Java/JavaVirtualMachines/jdk1.8.0_66.jdk/Contents/Home/jre/lib/server/libjvm.dylib
0x0000000008d6e000 	/usr/lib/libstdc++.6.dylib
0x000000010f078000 	/Library/Java/JavaVirtualMachines/jdk1.8.0_66.jdk/Contents/Home/jre/lib/libverify.dylib
0x000000010f086000 	/Library/Java/JavaVirtualMachines/jdk1.8.0_66.jdk/Contents/Home/jre/lib/libjava.dylib
0x000000010f0c5000 	/Library/Java/JavaVirtualMachines/jdk1.8.0_66.jdk/Contents/Home/jre/lib/libzip.dylib
0x0000000122ccc000 	/System/Library/Frameworks/JavaVM.framework/Frameworks/JavaRuntimeSupport.framework/JavaRuntimeSupport
0x0000000122ce7000 	/System/Library/Frameworks/JavaVM.framework/Versions/A/Frameworks/JavaNativeFoundation.framework/Versions/A/JavaNativeFoundation
0x0000000122cfc000 	/System/Library/Frameworks/JavaVM.framework/Versions/A/JavaVM
0x0000000008d6e000 	/System/Library/Frameworks/Carbon.framework/Versions/A/Carbon
0x0000000122d09000 	/System/Library/PrivateFrameworks/JavaLaunching.framework/Versions/A/JavaLaunching
0x0000000008d6e000 	/System/Library/Frameworks/Carbon.framework/Versions/A/Frameworks/CommonPanels.framework/Versions/A/CommonPanels
0x0000000008d6e000 	/System/Library/Frameworks/Carbon.framework/Versions/A/Frameworks/Help.framework/Versions/A/Help
0x0000000008d6e000 	/System/Library/Frameworks/Carbon.framework/Versions/A/Frameworks/ImageCapture.framework/Versions/A/ImageCapture
0x0000000008d6e000 	/System/Library/Frameworks/Carbon.framework/Versions/A/Frameworks/OpenScripting.framework/Versions/A/OpenScripting
0x0000000008d6e000 	/System/Library/Frameworks/Carbon.framework/Versions/A/Frameworks/Print.framework/Versions/A/Print
0x0000000008d6e000 	/System/Library/Frameworks/Carbon.framework/Versions/A/Frameworks/SecurityHI.framework/Versions/A/SecurityHI
0x0000000124755000 	/Library/Java/JavaVirtualMachines/jdk1.8.0_66.jdk/Contents/Home/jre/lib/libnet.dylib
0x0000000124734000 	/Library/Java/JavaVirtualMachines/jdk1.8.0_66.jdk/Contents/Home/jre/lib/libmanagement.dylib
0x0000000124742000 	/Library/Java/JavaVirtualMachines/jdk1.8.0_66.jdk/Contents/Home/jre/lib/libnio.dylib

VM Arguments:
jvm_args: -Djava.security.egd=file:/dev/./urandom -Dfile.encoding=UTF-8 -Duser.country=US -Duser.language=en -Duser.variant 
java_command: org.akhikhl.gretty.Runner --servicePort=50047 --statusPort=50048 --serverManagerFactory=org.akhikhl.gretty.ServerManagerFactory
java_class_path (initial): /Users/psampson/.gradle/caches/modules-2/files-2.1/org.akhikhl.gretty/gretty-runner-tomcat8/1.2.4/9e27791cc4dbc4a98a55987b1696d88699a9fe9d/gretty-runner-tomcat8-1.2.4.jar:/Users/psampson/.gradle/caches/modules-2/files-2.1/org.akhikhl.gretty/gretty-runner-tomcat/1.2.4/684a21495f5f9c71dab0e7755c074f74716cd966/gretty-runner-tomcat-1.2.4.jar:/Users/psampson/.gradle/caches/modules-2/files-2.1/org.apache.tomcat.embed/tomcat-embed-jasper/8.0.23/6119e0c41a0685540b874ee76b469fc2e8a0b9c4/tomcat-embed-jasper-8.0.23.jar:/Users/psampson/.gradle/caches/modules-2/files-2.1/org.apache.tomcat.embed/tomcat-embed-el/8.0.23/5a1ca084156665968232112b6606c0b259213aab/tomcat-embed-el-8.0.23.jar:/Users/psampson/.gradle/caches/modules-2/files-2.1/org.apache.tomcat.embed/tomcat-embed-core/8.0.23/79dc3aea4f447392ab0bdc1359c31a931cd307d6/tomcat-embed-core-8.0.23.jar:/Users/psampson/.gradle/caches/modules-2/files-2.1/org.apache.tomcat.embed/tomcat-embed-websocket/8.0.23/839167a26dec5dcef85fb19e2e429878b7215293/tomcat-embed-websocket-8.0.23.jar:/Users/psampson/.gradle/caches/modules-2/files-2.1/javax.servlet/javax.servlet-api/3.1.0/3cd63d075497751784b2fa84be59432f4905bf7c/javax.servlet-api-3.1.0.jar:/Users/psampson/.gradle/caches/modules-2/files-2.1/org.apache.tomcat.embed/tomcat-embed-logging-log4j/8.0.23/2fb320eef46f9833f727220e7d7db5cfcfcc815c/tomcat-embed-logging-log4j-8.0.23.jar:/Users/psampson/.gradle/caches/modules-2/files-2.1/org.slf4j/log4j-over-slf4j/1.7.12/d2444c9c7c1923304c25f86c5ee83a79a8166205/log4j-over-slf4j-1.7.12.jar:/Users/psampson/.gradle/caches/modules-2/files-2.1/org.akhikhl.gretty/gretty-runner/1.2.4/50723962cab2246f6fdaa256a27e90181bb03815/gretty-runner-1.2.4.jar:/Users/psampson/.gradle/caches/modules-2/files-2.1/org.eclipse.jdt.core.compiler/ecj/4.4.2/71d67f5bab9465ec844596ef844f40902ae25392/ecj-4.4.2.jar:/Users/psampson/.gradle/caches/modules-2/files-2.1/org.slf4j/slf4j-api/1.7.12/8e20852d05222dc286bf1c71d78d0531e177c317/slf4j-api-1.7.12.jar:
Launcher Type: SUN_STANDARD

Environment Variables:
PATH=/usr/bin:/bin:/usr/sbin:/sbin
SHELL=/usr/local/bin/zsh

Signal Handlers:
SIGSEGV: [libjvm.dylib+0x5a65d5], sa_mask[0]=11111111011111110111111111111111, sa_flags=SA_ONSTACK|SA_RESTART|SA_SIGINFO
SIGBUS: [libjvm.dylib+0x5a65d5], sa_mask[0]=11111111011111110111111111111111, sa_flags=SA_RESTART|SA_SIGINFO
SIGFPE: [libjvm.dylib+0x4802e8], sa_mask[0]=11111111011111110111111111111111, sa_flags=SA_RESTART|SA_SIGINFO
SIGPIPE: [libjvm.dylib+0x4802e8], sa_mask[0]=11111111011111110111111111111111, sa_flags=SA_RESTART|SA_SIGINFO
SIGXFSZ: [libjvm.dylib+0x4802e8], sa_mask[0]=11111111011111110111111111111111, sa_flags=SA_RESTART|SA_SIGINFO
SIGILL: [libjvm.dylib+0x4802e8], sa_mask[0]=11111111011111110111111111111111, sa_flags=SA_RESTART|SA_SIGINFO
SIGUSR1: SIG_DFL, sa_mask[0]=00000000000000000000000000000000, sa_flags=none
SIGUSR2: [libjvm.dylib+0x47fe06], sa_mask[0]=00100000000000000000000000000000, sa_flags=SA_RESTART|SA_SIGINFO
SIGHUP: [libjvm.dylib+0x47e3dd], sa_mask[0]=11111111011111110111111111111111, sa_flags=SA_RESTART|SA_SIGINFO
SIGINT: [libjvm.dylib+0x47e3dd], sa_mask[0]=11111111011111110111111111111111, sa_flags=SA_RESTART|SA_SIGINFO
SIGTERM: [libjvm.dylib+0x47e3dd], sa_mask[0]=11111111011111110111111111111111, sa_flags=SA_RESTART|SA_SIGINFO
SIGQUIT: [libjvm.dylib+0x47e3dd], sa_mask[0]=11111111011111110111111111111111, sa_flags=SA_RESTART|SA_SIGINFO


---------------  S Y S T E M  ---------------

OS:Bsduname:Darwin 15.2.0 Darwin Kernel Version 15.2.0: Fri Nov 13 19:56:56 PST 2015; root:xnu-3248.20.55~2/RELEASE_X86_64 x86_64
rlimit: STACK 8192k, CORE 0k, NPROC 709, NOFILE 10240, AS infinity
load average:2.31 2.36 2.35

CPU:total 4 (2 cores per cpu, 2 threads per core) family 6 model 61 stepping 4, cmov, cx8, fxsr, mmx, sse, sse2, sse3, ssse3, sse4.1, sse4.2, popcnt, avx, avx2, aes, clmul, erms, 3dnowpref, lzcnt, ht, tsc, tscinvbit, bmi1, bmi2, adx

Memory: 4k page, physical 4194304k(19912k free)

/proc/meminfo:


vm_info: Java HotSpot(TM) 64-Bit Server VM (25.66-b17) for bsd-amd64 JRE (1.8.0_66-b17), built on Oct  6 2015 16:09:13 by "java_re" with gcc 4.2.1 (Based on Apple Inc. build 5658) (LLVM build 2336.11.00)

time: Tue Jan 26 23:13:51 2016
elapsed time: 7582 seconds (0d 2h 6m 22s)

